2025-04-03  0:39:03 0 [Note] Starting MariaDB 10.6.16-MariaDB source revision b83c379420a8846ae4b28768d3c81fa354cca056 as process 5296
2025-04-03  0:39:03 0 [Note] InnoDB: Compressed tables use zlib 1.3
2025-04-03  0:39:03 0 [Note] InnoDB: Number of pools: 1
2025-04-03  0:39:03 0 [Note] InnoDB: Using crc32 + pclmulqdq instructions
2025-04-03  0:39:03 0 [Note] InnoDB: Initializing buffer pool, total size = 134217728, chunk size = 134217728
2025-04-03  0:39:03 0 [Note] InnoDB: Completed initialization of buffer pool
2025-04-03  0:39:03 0 [Note] InnoDB: Starting crash recovery from checkpoint LSN=42526,42526
2025-04-03  0:39:05 0 [Note] InnoDB: To recover: 123 pages
2025-04-03  0:39:05 0 [Note] InnoDB: 128 rollback segments are active.
2025-04-03  0:39:05 0 [Note] InnoDB: Removed temporary tablespace data file: "./ibtmp1"
2025-04-03  0:39:05 0 [Note] InnoDB: Creating shared tablespace for temporary tables
2025-04-03  0:39:05 0 [Note] InnoDB: Setting file './ibtmp1' size to 12 MB. Physically writing the file full; Please wait ...
2025-04-03  0:39:05 0 [Note] InnoDB: File './ibtmp1' size is now 12 MB.
2025-04-03  0:39:05 0 [Note] InnoDB: 10.6.16 started; log sequence number 1109090; transaction id 1015
2025-04-03  0:39:05 0 [Note] Plugin 'FEEDBACK' is disabled.
2025-04-03  0:39:05 0 [Note] InnoDB: Loading buffer pool(s) from C:\Users\Yuri\Documents\New Folder\LARAVELL PORTATIL\mariadb\data\ib_buffer_pool
2025-04-03  0:39:05 0 [Note] InnoDB: Buffer pool(s) load completed at 250403  0:39:05
2025-04-03  0:39:06 0 [Note] Server socket created on IP: '127.0.0.1'.
2025-04-03  0:39:06 0 [Warning] 'user' entry 'root@desktop-3n5mb5c' ignored in --skip-name-resolve mode.
2025-04-03  0:39:06 0 [Warning] 'proxies_priv' entry '@% root@desktop-3n5mb5c' ignored in --skip-name-resolve mode.
2025-04-03  0:39:07 0 [Note] C:\Users\Yuri\Documents\New Folder\LARAVELL PORTATIL\mariadb\bin\mysqld.exe: ready for connections.
Version: '10.6.16-MariaDB'  socket: ''  port: 3307  mariadb.org binary distribution
2025-04-03  0:39:51 5 [Warning] Aborted connection 5 to db: 'bluefish' user: 'root' host: '127.0.0.1' (Got an error reading communication packets)
2025-04-03  0:40:33 0 [Note] console_event_handler: received CTRL_CLOSE_EVENT event, terminating
2025-04-03  0:47:30 0 [Note] Starting MariaDB 10.6.16-MariaDB source revision b83c379420a8846ae4b28768d3c81fa354cca056 as process 15352
2025-04-03  0:47:30 0 [Note] InnoDB: Compressed tables use zlib 1.3
2025-04-03  0:47:30 0 [Note] InnoDB: Number of pools: 1
2025-04-03  0:47:30 0 [Note] InnoDB: Using crc32 + pclmulqdq instructions
2025-04-03  0:47:30 0 [Note] InnoDB: Initializing buffer pool, total size = 134217728, chunk size = 134217728
2025-04-03  0:47:30 0 [Note] InnoDB: Completed initialization of buffer pool
2025-04-03  0:47:30 0 [Note] InnoDB: Starting crash recovery from checkpoint LSN=42526,42526
2025-04-03  0:47:31 0 [Note] InnoDB: To recover: 123 pages
2025-04-03  0:47:31 0 [Note] InnoDB: 128 rollback segments are active.
2025-04-03  0:47:31 0 [Note] InnoDB: Removed temporary tablespace data file: "./ibtmp1"
2025-04-03  0:47:31 0 [Note] InnoDB: Creating shared tablespace for temporary tables
2025-04-03  0:47:31 0 [Note] InnoDB: Setting file './ibtmp1' size to 12 MB. Physically writing the file full; Please wait ...
2025-04-03  0:47:31 0 [Note] InnoDB: File './ibtmp1' size is now 12 MB.
2025-04-03  0:47:31 0 [Note] InnoDB: 10.6.16 started; log sequence number 1109170; transaction id 1015
2025-04-03  0:47:31 0 [Note] Plugin 'FEEDBACK' is disabled.
2025-04-03  0:47:31 0 [Note] InnoDB: Loading buffer pool(s) from C:\Users\Yuri\Downloads\teste\LARAVELL PORTATIL\mariadb\data\ib_buffer_pool
2025-04-03  0:47:31 0 [Note] Server socket created on IP: '127.0.0.1'.
2025-04-03  0:47:31 0 [Note] InnoDB: Buffer pool(s) load completed at 250403  0:47:31
2025-04-03  0:47:31 0 [Warning] 'user' entry 'root@desktop-3n5mb5c' ignored in --skip-name-resolve mode.
2025-04-03  0:47:31 0 [Warning] 'proxies_priv' entry '@% root@desktop-3n5mb5c' ignored in --skip-name-resolve mode.
2025-04-03  0:47:31 0 [Note] C:\Users\Yuri\Downloads\teste\LARAVELL PORTATIL\mariadb\bin\mysqld.exe: ready for connections.
Version: '10.6.16-MariaDB'  socket: ''  port: 3307  mariadb.org binary distribution
2025-04-03  0:52:47 0 [Note] console_event_handler: received CTRL_CLOSE_EVENT event, terminating
2025-04-03  7:23:18 0 [Note] Starting MariaDB 10.6.16-MariaDB source revision b83c379420a8846ae4b28768d3c81fa354cca056 as process 9784
2025-04-03  7:23:18 0 [Note] InnoDB: Compressed tables use zlib 1.3
2025-04-03  7:23:18 0 [Note] InnoDB: Number of pools: 1
2025-04-03  7:23:18 0 [Note] InnoDB: Using crc32 + pclmulqdq instructions
2025-04-03  7:23:18 0 [Note] InnoDB: Initializing buffer pool, total size = 134217728, chunk size = 134217728
2025-04-03  7:23:18 0 [Note] InnoDB: Completed initialization of buffer pool
2025-04-03  7:23:18 0 [Note] InnoDB: Starting crash recovery from checkpoint LSN=42526,42526
2025-04-03  7:23:18 0 [Note] InnoDB: To recover: 123 pages
2025-04-03  7:23:18 0 [Note] InnoDB: 128 rollback segments are active.
2025-04-03  7:23:18 0 [Note] InnoDB: Removed temporary tablespace data file: "./ibtmp1"
2025-04-03  7:23:18 0 [Note] InnoDB: Creating shared tablespace for temporary tables
2025-04-03  7:23:18 0 [Note] InnoDB: Setting file './ibtmp1' size to 12 MB. Physically writing the file full; Please wait ...
2025-04-03  7:23:18 0 [Note] InnoDB: File './ibtmp1' size is now 12 MB.
2025-04-03  7:23:18 0 [Note] InnoDB: 10.6.16 started; log sequence number 1109250; transaction id 1015
2025-04-03  7:23:18 0 [Note] Plugin 'FEEDBACK' is disabled.
2025-04-03  7:23:18 0 [Note] InnoDB: Loading buffer pool(s) from C:\Users\Admin\Downloads\LARAVELL PORTATIL\mariadb\data\ib_buffer_pool
2025-04-03  7:23:18 0 [Note] InnoDB: Buffer pool(s) load completed at 250403  7:23:18
2025-04-03  7:23:18 0 [Note] Server socket created on IP: '127.0.0.1'.
2025-04-03  7:23:18 0 [Warning] 'user' entry 'root@desktop-3n5mb5c' ignored in --skip-name-resolve mode.
2025-04-03  7:23:18 0 [Warning] 'proxies_priv' entry '@% root@desktop-3n5mb5c' ignored in --skip-name-resolve mode.
2025-04-03  7:23:18 0 [Note] C:\Users\Admin\Downloads\LARAVELL PORTATIL\mariadb\bin\mysqld.exe: ready for connections.
Version: '10.6.16-MariaDB'  socket: ''  port: 3307  mariadb.org binary distribution
2025-04-03  7:23:50 0 [Note] console_event_handler: received CTRL_CLOSE_EVENT event, terminating
2025-04-03  7:24:26 0 [Note] Starting MariaDB 10.6.16-MariaDB source revision b83c379420a8846ae4b28768d3c81fa354cca056 as process 5132
2025-04-03  7:24:26 0 [Note] InnoDB: Compressed tables use zlib 1.3
2025-04-03  7:24:26 0 [Note] InnoDB: Number of pools: 1
2025-04-03  7:24:26 0 [Note] InnoDB: Using crc32 + pclmulqdq instructions
2025-04-03  7:24:26 0 [Note] InnoDB: Initializing buffer pool, total size = 134217728, chunk size = 134217728
2025-04-03  7:24:26 0 [Note] InnoDB: Completed initialization of buffer pool
2025-04-03  7:24:26 0 [Note] InnoDB: Starting crash recovery from checkpoint LSN=42526,42526
2025-04-03  7:24:26 0 [ERROR] InnoDB: Inconsistent tablespace ID in ./loja@002dpw/failed_jobs.ibd
2025-04-03  7:24:26 0 [ERROR] InnoDB: Inconsistent tablespace ID in ./loja@002dpw/failed_jobs.ibd
2025-04-03  7:24:26 0 [ERROR] InnoDB: Inconsistent tablespace ID in ./bluefish/password_reset_tokens.ibd
2025-04-03  7:24:26 0 [ERROR] InnoDB: Inconsistent tablespace ID in ./bluefish/password_reset_tokens.ibd
2025-04-03  7:24:26 0 [ERROR] InnoDB: Inconsistent tablespace ID in ./bluefish/sessions.ibd
2025-04-03  7:24:26 0 [ERROR] InnoDB: Inconsistent tablespace ID in ./bluefish/sessions.ibd
2025-04-03  7:24:26 0 [Note] InnoDB: To recover: 123 pages
2025-04-03  7:24:26 0 [Note] InnoDB: 128 rollback segments are active.
2025-04-03  7:24:26 0 [Note] InnoDB: Removed temporary tablespace data file: "./ibtmp1"
2025-04-03  7:24:26 0 [Note] InnoDB: Creating shared tablespace for temporary tables
2025-04-03  7:24:26 0 [Note] InnoDB: Setting file './ibtmp1' size to 12 MB. Physically writing the file full; Please wait ...
2025-04-03  7:24:26 0 [Note] InnoDB: File './ibtmp1' size is now 12 MB.
2025-04-03  7:24:26 0 [Note] InnoDB: 10.6.16 started; log sequence number 1109330; transaction id 1015
2025-04-03  7:24:26 0 [Note] Plugin 'FEEDBACK' is disabled.
2025-04-03  7:24:26 0 [Note] InnoDB: Loading buffer pool(s) from C:\Users\Admin\Downloads\LARAVELL PORTATIL\mariadb\data\ib_buffer_pool
2025-04-03  7:24:26 0 [Note] InnoDB: Buffer pool(s) load completed at 250403  7:24:26
2025-04-03  7:24:26 0 [Note] Server socket created on IP: '127.0.0.1'.
2025-04-03  7:24:26 0 [Warning] 'user' entry 'root@desktop-3n5mb5c' ignored in --skip-name-resolve mode.
2025-04-03  7:24:26 0 [Warning] 'proxies_priv' entry '@% root@desktop-3n5mb5c' ignored in --skip-name-resolve mode.
2025-04-03  7:24:26 0 [Note] C:\Users\Admin\Downloads\LARAVELL PORTATIL\mariadb\bin\mysqld.exe: ready for connections.
Version: '10.6.16-MariaDB'  socket: ''  port: 3307  mariadb.org binary distribution
2025-04-03  7:24:35 4 [Warning] Aborted connection 4 to db: 'bluefish' user: 'root' host: '127.0.0.1' (Got an error reading communication packets)
2025-04-03  7:24:36 0 [Note] console_event_handler: received CTRL_CLOSE_EVENT event, terminating
2025-04-03  7:24:37 0 [Note] Starting MariaDB 10.6.16-MariaDB source revision b83c379420a8846ae4b28768d3c81fa354cca056 as process 10404
2025-04-03  7:24:37 0 [Note] InnoDB: Compressed tables use zlib 1.3
2025-04-03  7:24:37 0 [Note] InnoDB: Number of pools: 1
2025-04-03  7:24:37 0 [Note] InnoDB: Using crc32 + pclmulqdq instructions
2025-04-03  7:24:37 0 [Note] InnoDB: Initializing buffer pool, total size = 134217728, chunk size = 134217728
2025-04-03  7:24:37 0 [Note] InnoDB: Completed initialization of buffer pool
2025-04-03  7:24:37 0 [Note] InnoDB: Starting crash recovery from checkpoint LSN=42526,42526
2025-04-03  7:24:37 0 [ERROR] InnoDB: Inconsistent tablespace ID in ./loja@002dpw/failed_jobs.ibd
2025-04-03  7:24:37 0 [ERROR] InnoDB: Inconsistent tablespace ID in ./loja@002dpw/failed_jobs.ibd
2025-04-03  7:24:37 0 [ERROR] InnoDB: Inconsistent tablespace ID in ./bluefish/password_reset_tokens.ibd
2025-04-03  7:24:37 0 [ERROR] InnoDB: Inconsistent tablespace ID in ./bluefish/password_reset_tokens.ibd
2025-04-03  7:24:37 0 [ERROR] InnoDB: Inconsistent tablespace ID in ./bluefish/sessions.ibd
2025-04-03  7:24:37 0 [ERROR] InnoDB: Inconsistent tablespace ID in ./bluefish/sessions.ibd
2025-04-03  7:24:37 0 [Note] InnoDB: To recover: 123 pages
2025-04-03  7:24:37 0 [Note] InnoDB: 128 rollback segments are active.
2025-04-03  7:24:37 0 [Note] InnoDB: Removed temporary tablespace data file: "./ibtmp1"
2025-04-03  7:24:37 0 [Note] InnoDB: Creating shared tablespace for temporary tables
2025-04-03  7:24:37 0 [Note] InnoDB: Setting file './ibtmp1' size to 12 MB. Physically writing the file full; Please wait ...
2025-04-03  7:24:37 0 [Note] InnoDB: File './ibtmp1' size is now 12 MB.
2025-04-03  7:24:37 0 [Note] InnoDB: 10.6.16 started; log sequence number 1109410; transaction id 1015
2025-04-03  7:24:37 0 [Note] Plugin 'FEEDBACK' is disabled.
2025-04-03  7:24:37 0 [Note] InnoDB: Loading buffer pool(s) from C:\Users\Admin\Downloads\LARAVELL PORTATIL\mariadb\data\ib_buffer_pool
2025-04-03  7:24:37 0 [Note] InnoDB: Buffer pool(s) load completed at 250403  7:24:37
2025-04-03  7:24:37 0 [Note] Server socket created on IP: '127.0.0.1'.
2025-04-03  7:24:37 0 [Warning] 'user' entry 'root@desktop-3n5mb5c' ignored in --skip-name-resolve mode.
2025-04-03  7:24:37 0 [Warning] 'proxies_priv' entry '@% root@desktop-3n5mb5c' ignored in --skip-name-resolve mode.
2025-04-03  7:24:37 0 [Note] C:\Users\Admin\Downloads\LARAVELL PORTATIL\mariadb\bin\mysqld.exe: ready for connections.
Version: '10.6.16-MariaDB'  socket: ''  port: 3307  mariadb.org binary distribution
2025-04-03  7:24:55 0 [Note] console_event_handler: received CTRL_CLOSE_EVENT event, terminating
2025-04-03  7:25:01 0 [Note] Starting MariaDB 10.6.16-MariaDB source revision b83c379420a8846ae4b28768d3c81fa354cca056 as process 6912
2025-04-03  7:25:01 0 [Note] InnoDB: Compressed tables use zlib 1.3
2025-04-03  7:25:01 0 [Note] InnoDB: Number of pools: 1
2025-04-03  7:25:01 0 [Note] InnoDB: Using crc32 + pclmulqdq instructions
2025-04-03  7:25:01 0 [Note] InnoDB: Initializing buffer pool, total size = 134217728, chunk size = 134217728
2025-04-03  7:25:01 0 [Note] InnoDB: Completed initialization of buffer pool
2025-04-03  7:25:01 0 [Note] InnoDB: Starting crash recovery from checkpoint LSN=42526,42526
2025-04-03  7:25:01 0 [ERROR] InnoDB: Inconsistent tablespace ID in ./loja@002dpw/failed_jobs.ibd
2025-04-03  7:25:01 0 [ERROR] InnoDB: Inconsistent tablespace ID in ./loja@002dpw/failed_jobs.ibd
2025-04-03  7:25:01 0 [ERROR] InnoDB: Inconsistent tablespace ID in ./bluefish/password_reset_tokens.ibd
2025-04-03  7:25:01 0 [ERROR] InnoDB: Inconsistent tablespace ID in ./bluefish/password_reset_tokens.ibd
2025-04-03  7:25:01 0 [ERROR] InnoDB: Inconsistent tablespace ID in ./bluefish/sessions.ibd
2025-04-03  7:25:01 0 [ERROR] InnoDB: Inconsistent tablespace ID in ./bluefish/sessions.ibd
2025-04-03  7:25:01 0 [Note] InnoDB: To recover: 123 pages
2025-04-03  7:25:01 0 [Note] InnoDB: 128 rollback segments are active.
2025-04-03  7:25:01 0 [Note] InnoDB: Removed temporary tablespace data file: "./ibtmp1"
2025-04-03  7:25:01 0 [Note] InnoDB: Creating shared tablespace for temporary tables
2025-04-03  7:25:01 0 [Note] InnoDB: Setting file './ibtmp1' size to 12 MB. Physically writing the file full; Please wait ...
2025-04-03  7:25:01 0 [Note] InnoDB: File './ibtmp1' size is now 12 MB.
2025-04-03  7:25:01 0 [Note] InnoDB: 10.6.16 started; log sequence number 1109490; transaction id 1015
2025-04-03  7:25:01 0 [Note] Plugin 'FEEDBACK' is disabled.
2025-04-03  7:25:01 0 [Note] InnoDB: Loading buffer pool(s) from C:\Users\Admin\Downloads\LARAVELL PORTATIL\mariadb\data\ib_buffer_pool
2025-04-03  7:25:01 0 [Note] Server socket created on IP: '127.0.0.1'.
2025-04-03  7:25:01 0 [Note] InnoDB: Buffer pool(s) load completed at 250403  7:25:01
2025-04-03  7:25:01 0 [Warning] 'user' entry 'root@desktop-3n5mb5c' ignored in --skip-name-resolve mode.
2025-04-03  7:25:01 0 [Warning] 'proxies_priv' entry '@% root@desktop-3n5mb5c' ignored in --skip-name-resolve mode.
2025-04-03  7:25:01 0 [Note] C:\Users\Admin\Downloads\LARAVELL PORTATIL\mariadb\bin\mysqld.exe: ready for connections.
Version: '10.6.16-MariaDB'  socket: ''  port: 3307  mariadb.org binary distribution
2025-04-03  7:25:07 0 [Note] console_event_handler: received CTRL_CLOSE_EVENT event, terminating
2025-04-03  7:25:08 0 [Note] Starting MariaDB 10.6.16-MariaDB source revision b83c379420a8846ae4b28768d3c81fa354cca056 as process 9716
2025-04-03  7:25:08 0 [Note] InnoDB: Compressed tables use zlib 1.3
2025-04-03  7:25:08 0 [Note] InnoDB: Number of pools: 1
2025-04-03  7:25:08 0 [Note] InnoDB: Using crc32 + pclmulqdq instructions
2025-04-03  7:25:08 0 [Note] InnoDB: Initializing buffer pool, total size = 134217728, chunk size = 134217728
2025-04-03  7:25:08 0 [Note] InnoDB: Completed initialization of buffer pool
2025-04-03  7:25:08 0 [Note] InnoDB: Starting crash recovery from checkpoint LSN=42526,42526
2025-04-03  7:25:08 0 [ERROR] InnoDB: Inconsistent tablespace ID in ./loja@002dpw/failed_jobs.ibd
2025-04-03  7:25:08 0 [ERROR] InnoDB: Inconsistent tablespace ID in ./loja@002dpw/failed_jobs.ibd
2025-04-03  7:25:08 0 [ERROR] InnoDB: Inconsistent tablespace ID in ./bluefish/password_reset_tokens.ibd
2025-04-03  7:25:08 0 [ERROR] InnoDB: Inconsistent tablespace ID in ./bluefish/password_reset_tokens.ibd
2025-04-03  7:25:08 0 [ERROR] InnoDB: Inconsistent tablespace ID in ./bluefish/sessions.ibd
2025-04-03  7:25:08 0 [ERROR] InnoDB: Inconsistent tablespace ID in ./bluefish/sessions.ibd
2025-04-03  7:25:08 0 [Note] InnoDB: To recover: 123 pages
2025-04-03  7:25:08 0 [Note] InnoDB: 128 rollback segments are active.
2025-04-03  7:25:08 0 [Note] InnoDB: Removed temporary tablespace data file: "./ibtmp1"
2025-04-03  7:25:08 0 [Note] InnoDB: Creating shared tablespace for temporary tables
2025-04-03  7:25:08 0 [Note] InnoDB: Setting file './ibtmp1' size to 12 MB. Physically writing the file full; Please wait ...
2025-04-03  7:25:08 0 [Note] InnoDB: File './ibtmp1' size is now 12 MB.
2025-04-03  7:25:08 0 [Note] InnoDB: 10.6.16 started; log sequence number 1109586; transaction id 1015
2025-04-03  7:25:08 0 [Note] Plugin 'FEEDBACK' is disabled.
2025-04-03  7:25:08 0 [Note] InnoDB: Loading buffer pool(s) from C:\Users\Admin\Downloads\LARAVELL PORTATIL\mariadb\data\ib_buffer_pool
2025-04-03  7:25:08 0 [Note] InnoDB: Buffer pool(s) load completed at 250403  7:25:08
2025-04-03  7:25:08 0 [Note] Server socket created on IP: '127.0.0.1'.
2025-04-03  7:25:08 0 [Warning] 'user' entry 'root@desktop-3n5mb5c' ignored in --skip-name-resolve mode.
2025-04-03  7:25:08 0 [Warning] 'proxies_priv' entry '@% root@desktop-3n5mb5c' ignored in --skip-name-resolve mode.
2025-04-03  7:25:08 0 [Note] C:\Users\Admin\Downloads\LARAVELL PORTATIL\mariadb\bin\mysqld.exe: ready for connections.
Version: '10.6.16-MariaDB'  socket: ''  port: 3307  mariadb.org binary distribution
2025-04-03  7:25:32 0 [Note] console_event_handler: received CTRL_CLOSE_EVENT event, terminating
2025-04-03  7:26:02 0 [Note] Starting MariaDB 10.6.16-MariaDB source revision b83c379420a8846ae4b28768d3c81fa354cca056 as process 1980
2025-04-03  7:26:02 0 [Note] InnoDB: Compressed tables use zlib 1.3
2025-04-03  7:26:02 0 [Note] InnoDB: Number of pools: 1
2025-04-03  7:26:02 0 [Note] InnoDB: Using crc32 + pclmulqdq instructions
2025-04-03  7:26:02 0 [Note] InnoDB: Initializing buffer pool, total size = 134217728, chunk size = 134217728
2025-04-03  7:26:02 0 [Note] InnoDB: Completed initialization of buffer pool
2025-04-03  7:26:02 0 [Note] InnoDB: Starting crash recovery from checkpoint LSN=42526,42526
2025-04-03  7:26:02 0 [ERROR] InnoDB: Inconsistent tablespace ID in ./loja@002dpw/failed_jobs.ibd
2025-04-03  7:26:02 0 [ERROR] InnoDB: Inconsistent tablespace ID in ./loja@002dpw/failed_jobs.ibd
2025-04-03  7:26:02 0 [ERROR] InnoDB: Inconsistent tablespace ID in ./bluefish/password_reset_tokens.ibd
2025-04-03  7:26:02 0 [ERROR] InnoDB: Inconsistent tablespace ID in ./bluefish/password_reset_tokens.ibd
2025-04-03  7:26:02 0 [ERROR] InnoDB: Inconsistent tablespace ID in ./bluefish/sessions.ibd
2025-04-03  7:26:02 0 [ERROR] InnoDB: Inconsistent tablespace ID in ./bluefish/sessions.ibd
2025-04-03  7:26:02 0 [Note] InnoDB: To recover: 123 pages
2025-04-03  7:26:02 0 [Note] InnoDB: 128 rollback segments are active.
2025-04-03  7:26:02 0 [Note] InnoDB: Removed temporary tablespace data file: "./ibtmp1"
2025-04-03  7:26:02 0 [Note] InnoDB: Creating shared tablespace for temporary tables
2025-04-03  7:26:02 0 [Note] InnoDB: Setting file './ibtmp1' size to 12 MB. Physically writing the file full; Please wait ...
2025-04-03  7:26:02 0 [Note] InnoDB: File './ibtmp1' size is now 12 MB.
2025-04-03  7:26:02 0 [Note] InnoDB: 10.6.16 started; log sequence number 1109666; transaction id 1015
2025-04-03  7:26:02 0 [Note] Plugin 'FEEDBACK' is disabled.
2025-04-03  7:26:02 0 [Note] InnoDB: Loading buffer pool(s) from C:\Users\Admin\Downloads\LARAVELL PORTATIL\mariadb\data\ib_buffer_pool
2025-04-03  7:26:02 0 [Note] InnoDB: Buffer pool(s) load completed at 250403  7:26:02
2025-04-03  7:26:02 0 [Note] Server socket created on IP: '127.0.0.1'.
2025-04-03  7:26:02 0 [Warning] 'user' entry 'root@desktop-3n5mb5c' ignored in --skip-name-resolve mode.
2025-04-03  7:26:02 0 [Warning] 'proxies_priv' entry '@% root@desktop-3n5mb5c' ignored in --skip-name-resolve mode.
2025-04-03  7:26:02 0 [Note] C:\Users\Admin\Downloads\LARAVELL PORTATIL\mariadb\bin\mysqld.exe: ready for connections.
Version: '10.6.16-MariaDB'  socket: ''  port: 3307  mariadb.org binary distribution
2025-04-03  7:32:00 0 [Note] console_event_handler: received CTRL_CLOSE_EVENT event, terminating
2025-04-03  7:32:06 0 [Note] Starting MariaDB 10.6.16-MariaDB source revision b83c379420a8846ae4b28768d3c81fa354cca056 as process 11672
2025-04-03  7:32:06 0 [Note] InnoDB: Compressed tables use zlib 1.3
2025-04-03  7:32:06 0 [Note] InnoDB: Number of pools: 1
2025-04-03  7:32:06 0 [Note] InnoDB: Using crc32 + pclmulqdq instructions
2025-04-03  7:32:06 0 [Note] InnoDB: Initializing buffer pool, total size = 134217728, chunk size = 134217728
2025-04-03  7:32:06 0 [Note] InnoDB: Completed initialization of buffer pool
2025-04-03  7:32:06 0 [Note] InnoDB: Starting crash recovery from checkpoint LSN=42526,42526
2025-04-03  7:32:06 0 [ERROR] InnoDB: Inconsistent tablespace ID in ./loja@002dpw/failed_jobs.ibd
2025-04-03  7:32:06 0 [ERROR] InnoDB: Inconsistent tablespace ID in ./loja@002dpw/failed_jobs.ibd
2025-04-03  7:32:06 0 [ERROR] InnoDB: Inconsistent tablespace ID in ./bluefish/password_reset_tokens.ibd
2025-04-03  7:32:06 0 [ERROR] InnoDB: Inconsistent tablespace ID in ./bluefish/password_reset_tokens.ibd
2025-04-03  7:32:06 0 [ERROR] InnoDB: Inconsistent tablespace ID in ./bluefish/sessions.ibd
2025-04-03  7:32:06 0 [ERROR] InnoDB: Inconsistent tablespace ID in ./bluefish/sessions.ibd
2025-04-03  7:32:06 0 [Note] InnoDB: To recover: 123 pages
2025-04-03  7:32:06 0 [Note] InnoDB: 128 rollback segments are active.
2025-04-03  7:32:06 0 [Note] InnoDB: Removed temporary tablespace data file: "./ibtmp1"
2025-04-03  7:32:06 0 [Note] InnoDB: Creating shared tablespace for temporary tables
2025-04-03  7:32:06 0 [Note] InnoDB: Setting file './ibtmp1' size to 12 MB. Physically writing the file full; Please wait ...
2025-04-03  7:32:06 0 [Note] InnoDB: File './ibtmp1' size is now 12 MB.
2025-04-03  7:32:06 0 [Note] InnoDB: 10.6.16 started; log sequence number 1115292; transaction id 1026
2025-04-03  7:32:06 0 [Note] Plugin 'FEEDBACK' is disabled.
2025-04-03  7:32:06 0 [Note] InnoDB: Loading buffer pool(s) from C:\Users\Admin\Downloads\LARAVELL PORTATIL\mariadb\data\ib_buffer_pool
2025-04-03  7:32:06 0 [Note] Server socket created on IP: '127.0.0.1'.
2025-04-03  7:32:06 0 [Note] InnoDB: Buffer pool(s) load completed at 250403  7:32:06
2025-04-03  7:32:06 0 [Warning] 'user' entry 'root@desktop-3n5mb5c' ignored in --skip-name-resolve mode.
2025-04-03  7:32:06 0 [Warning] 'proxies_priv' entry '@% root@desktop-3n5mb5c' ignored in --skip-name-resolve mode.
2025-04-03  7:32:06 0 [Note] C:\Users\Admin\Downloads\LARAVELL PORTATIL\mariadb\bin\mysqld.exe: ready for connections.
Version: '10.6.16-MariaDB'  socket: ''  port: 3307  mariadb.org binary distribution
2025-04-03  7:40:18 0 [Note] console_event_handler: received CTRL_CLOSE_EVENT event, terminating
2025-04-03  7:54:04 0 [Note] Starting MariaDB 10.6.16-MariaDB source revision b83c379420a8846ae4b28768d3c81fa354cca056 as process 848
2025-04-03  7:54:04 0 [Note] InnoDB: Compressed tables use zlib 1.3
2025-04-03  7:54:04 0 [Note] InnoDB: Number of pools: 1
2025-04-03  7:54:04 0 [Note] InnoDB: Using crc32 + pclmulqdq instructions
2025-04-03  7:54:04 0 [Note] InnoDB: Initializing buffer pool, total size = 134217728, chunk size = 134217728
2025-04-03  7:54:04 0 [Note] InnoDB: Completed initialization of buffer pool
2025-04-03  7:54:04 0 [Note] InnoDB: Starting crash recovery from checkpoint LSN=42526,42526
2025-04-03  7:54:04 0 [ERROR] InnoDB: Inconsistent tablespace ID in ./loja@002dpw/failed_jobs.ibd
2025-04-03  7:54:04 0 [ERROR] InnoDB: Inconsistent tablespace ID in ./loja@002dpw/failed_jobs.ibd
2025-04-03  7:54:04 0 [ERROR] InnoDB: Inconsistent tablespace ID in ./bluefish/password_reset_tokens.ibd
2025-04-03  7:54:04 0 [ERROR] InnoDB: Inconsistent tablespace ID in ./bluefish/password_reset_tokens.ibd
2025-04-03  7:54:04 0 [ERROR] InnoDB: Inconsistent tablespace ID in ./bluefish/sessions.ibd
2025-04-03  7:54:04 0 [ERROR] InnoDB: Inconsistent tablespace ID in ./bluefish/sessions.ibd
2025-04-03  7:54:04 0 [Note] InnoDB: To recover: 123 pages
2025-04-03  7:54:04 0 [Note] InnoDB: 128 rollback segments are active.
2025-04-03  7:54:04 0 [Note] InnoDB: Removed temporary tablespace data file: "./ibtmp1"
2025-04-03  7:54:04 0 [Note] InnoDB: Creating shared tablespace for temporary tables
2025-04-03  7:54:04 0 [Note] InnoDB: Setting file './ibtmp1' size to 12 MB. Physically writing the file full; Please wait ...
2025-04-03  7:54:04 0 [Note] InnoDB: File './ibtmp1' size is now 12 MB.
2025-04-03  7:54:04 0 [Note] InnoDB: 10.6.16 started; log sequence number 1125495; transaction id 1043
2025-04-03  7:54:04 0 [Note] Plugin 'FEEDBACK' is disabled.
2025-04-03  7:54:04 0 [Note] InnoDB: Loading buffer pool(s) from C:\Users\Admin\Downloads\LARAVELL PORTATIL\mariadb\data\ib_buffer_pool
2025-04-03  7:54:04 0 [Note] InnoDB: Buffer pool(s) load completed at 250403  7:54:04
2025-04-03  7:54:04 0 [Note] Server socket created on IP: '127.0.0.1'.
2025-04-03  7:54:04 0 [Warning] 'user' entry 'root@desktop-3n5mb5c' ignored in --skip-name-resolve mode.
2025-04-03  7:54:04 0 [Warning] 'proxies_priv' entry '@% root@desktop-3n5mb5c' ignored in --skip-name-resolve mode.
2025-04-03  7:54:05 0 [Note] C:\Users\Admin\Downloads\LARAVELL PORTATIL\mariadb\bin\mysqld.exe: ready for connections.
Version: '10.6.16-MariaDB'  socket: ''  port: 3307  mariadb.org binary distribution
2025-04-03  8:34:43 0 [Note] console_event_handler: received CTRL_CLOSE_EVENT event, terminating
2025-04-03  8:51:26 0 [Note] Starting MariaDB 10.6.16-MariaDB source revision b83c379420a8846ae4b28768d3c81fa354cca056 as process 7684
2025-04-03  8:51:27 0 [Note] InnoDB: Compressed tables use zlib 1.3
2025-04-03  8:51:27 0 [Note] InnoDB: Number of pools: 1
2025-04-03  8:51:27 0 [Note] InnoDB: Using crc32 + pclmulqdq instructions
2025-04-03  8:51:27 0 [Note] InnoDB: Initializing buffer pool, total size = 134217728, chunk size = 134217728
2025-04-03  8:51:27 0 [Note] InnoDB: Completed initialization of buffer pool
2025-04-03  8:51:27 0 [Note] InnoDB: Starting crash recovery from checkpoint LSN=42526,42526
2025-04-03  8:51:27 0 [ERROR] InnoDB: Inconsistent tablespace ID in ./loja@002dpw/failed_jobs.ibd
2025-04-03  8:51:27 0 [ERROR] InnoDB: Inconsistent tablespace ID in ./loja@002dpw/failed_jobs.ibd
2025-04-03  8:51:27 0 [ERROR] InnoDB: Inconsistent tablespace ID in ./bluefish/password_reset_tokens.ibd
2025-04-03  8:51:27 0 [ERROR] InnoDB: Inconsistent tablespace ID in ./bluefish/password_reset_tokens.ibd
2025-04-03  8:51:27 0 [ERROR] InnoDB: Inconsistent tablespace ID in ./bluefish/sessions.ibd
2025-04-03  8:51:27 0 [ERROR] InnoDB: Inconsistent tablespace ID in ./bluefish/sessions.ibd
2025-04-03  8:51:28 0 [Note] InnoDB: To recover: 123 pages
2025-04-03  8:51:28 0 [Note] InnoDB: 128 rollback segments are active.
2025-04-03  8:51:28 0 [Note] InnoDB: Removed temporary tablespace data file: "./ibtmp1"
2025-04-03  8:51:28 0 [Note] InnoDB: Creating shared tablespace for temporary tables
2025-04-03  8:51:28 0 [Note] InnoDB: Setting file './ibtmp1' size to 12 MB. Physically writing the file full; Please wait ...
2025-04-03  8:51:28 0 [Note] InnoDB: File './ibtmp1' size is now 12 MB.
2025-04-03  8:51:29 0 [Note] InnoDB: 10.6.16 started; log sequence number 1417288; transaction id 1360
2025-04-03  8:51:29 0 [Note] InnoDB: Loading buffer pool(s) from E:\Jesus\YURI\LARAVELL PORTATIL\LARAVELL PORTATIL\mariadb\data\ib_buffer_pool
2025-04-03  8:51:29 0 [Note] Plugin 'FEEDBACK' is disabled.
2025-04-03  8:51:29 0 [Note] InnoDB: Buffer pool(s) load completed at 250403  8:51:29
2025-04-03  8:51:29 0 [Note] Server socket created on IP: '127.0.0.1'.
2025-04-03  8:51:29 0 [Warning] 'user' entry 'root@desktop-3n5mb5c' ignored in --skip-name-resolve mode.
2025-04-03  8:51:29 0 [Warning] 'proxies_priv' entry '@% root@desktop-3n5mb5c' ignored in --skip-name-resolve mode.
2025-04-03  8:51:29 0 [Note] E:\Jesus\YURI\LARAVELL PORTATIL\LARAVELL PORTATIL\mariadb\bin\mysqld.exe: ready for connections.
Version: '10.6.16-MariaDB'  socket: ''  port: 3307  mariadb.org binary distribution
2025-04-03  8:51:47 4 [Warning] Aborted connection 4 to db: 'bluefish' user: 'root' host: '127.0.0.1' (Got an error reading communication packets)
2025-04-03  8:51:48 0 [Note] console_event_handler: received CTRL_CLOSE_EVENT event, terminating
2025-04-03  8:52:03 0 [Note] Starting MariaDB 10.6.16-MariaDB source revision b83c379420a8846ae4b28768d3c81fa354cca056 as process 11840
2025-04-03  8:52:03 0 [Note] InnoDB: Compressed tables use zlib 1.3
2025-04-03  8:52:03 0 [Note] InnoDB: Number of pools: 1
2025-04-03  8:52:03 0 [Note] InnoDB: Using crc32 + pclmulqdq instructions
2025-04-03  8:52:03 0 [Note] InnoDB: Initializing buffer pool, total size = 134217728, chunk size = 134217728
2025-04-03  8:52:03 0 [Note] InnoDB: Completed initialization of buffer pool
2025-04-03  8:52:03 0 [Note] InnoDB: Starting crash recovery from checkpoint LSN=42526,42526
2025-04-03  8:52:03 0 [ERROR] InnoDB: Inconsistent tablespace ID in ./loja@002dpw/failed_jobs.ibd
2025-04-03  8:52:03 0 [ERROR] InnoDB: Inconsistent tablespace ID in ./loja@002dpw/failed_jobs.ibd
2025-04-03  8:52:03 0 [ERROR] InnoDB: Inconsistent tablespace ID in ./bluefish/password_reset_tokens.ibd
2025-04-03  8:52:03 0 [ERROR] InnoDB: Inconsistent tablespace ID in ./bluefish/password_reset_tokens.ibd
2025-04-03  8:52:03 0 [ERROR] InnoDB: Inconsistent tablespace ID in ./bluefish/sessions.ibd
2025-04-03  8:52:03 0 [ERROR] InnoDB: Inconsistent tablespace ID in ./bluefish/sessions.ibd
2025-04-03  8:52:04 0 [Note] InnoDB: To recover: 123 pages
2025-04-03  8:52:04 0 [Note] InnoDB: 128 rollback segments are active.
2025-04-03  8:52:04 0 [Note] InnoDB: Removed temporary tablespace data file: "./ibtmp1"
2025-04-03  8:52:04 0 [Note] InnoDB: Creating shared tablespace for temporary tables
2025-04-03  8:52:04 0 [Note] InnoDB: Setting file './ibtmp1' size to 12 MB. Physically writing the file full; Please wait ...
2025-04-03  8:52:04 0 [Note] InnoDB: File './ibtmp1' size is now 12 MB.
2025-04-03  8:52:05 0 [Note] InnoDB: 10.6.16 started; log sequence number 1417368; transaction id 1360
2025-04-03  8:52:05 0 [Note] Plugin 'FEEDBACK' is disabled.
2025-04-03  8:52:05 0 [Note] InnoDB: Loading buffer pool(s) from E:\Jesus\YURI\LARAVELL PORTATIL\LARAVELL PORTATIL\mariadb\data\ib_buffer_pool
2025-04-03  8:52:05 0 [Note] Server socket created on IP: '127.0.0.1'.
2025-04-03  8:52:05 0 [Note] InnoDB: Buffer pool(s) load completed at 250403  8:52:05
2025-04-03  8:52:05 0 [Warning] 'user' entry 'root@desktop-3n5mb5c' ignored in --skip-name-resolve mode.
2025-04-03  8:52:05 0 [Warning] 'proxies_priv' entry '@% root@desktop-3n5mb5c' ignored in --skip-name-resolve mode.
2025-04-03  8:52:05 0 [Note] E:\Jesus\YURI\LARAVELL PORTATIL\LARAVELL PORTATIL\mariadb\bin\mysqld.exe: ready for connections.
Version: '10.6.16-MariaDB'  socket: ''  port: 3307  mariadb.org binary distribution
2025-04-03 10:41:10 0 [Note] console_event_handler: received CTRL_CLOSE_EVENT event, terminating
2025-04-03 10:47:44 0 [Note] Starting MariaDB 10.6.16-MariaDB source revision b83c379420a8846ae4b28768d3c81fa354cca056 as process 3644
2025-04-03 10:47:44 0 [Note] InnoDB: Compressed tables use zlib 1.3
2025-04-03 10:47:44 0 [Note] InnoDB: Number of pools: 1
2025-04-03 10:47:44 0 [Note] InnoDB: Using crc32 + pclmulqdq instructions
2025-04-03 10:47:44 0 [Note] InnoDB: Initializing buffer pool, total size = 134217728, chunk size = 134217728
2025-04-03 10:47:44 0 [Note] InnoDB: Completed initialization of buffer pool
2025-04-03 10:47:44 0 [Note] InnoDB: Starting crash recovery from checkpoint LSN=42526,42526
2025-04-03 10:47:44 0 [ERROR] InnoDB: Inconsistent tablespace ID in ./loja@002dpw/failed_jobs.ibd
2025-04-03 10:47:44 0 [ERROR] InnoDB: Inconsistent tablespace ID in ./loja@002dpw/failed_jobs.ibd
2025-04-03 10:47:44 0 [ERROR] InnoDB: Inconsistent tablespace ID in ./bluefish/password_reset_tokens.ibd
2025-04-03 10:47:44 0 [ERROR] InnoDB: Inconsistent tablespace ID in ./bluefish/password_reset_tokens.ibd
2025-04-03 10:47:44 0 [ERROR] InnoDB: Inconsistent tablespace ID in ./bluefish/sessions.ibd
2025-04-03 10:47:44 0 [ERROR] InnoDB: Inconsistent tablespace ID in ./bluefish/sessions.ibd
2025-04-03 10:47:45 0 [Note] InnoDB: To recover: 123 pages
2025-04-03 10:47:45 0 [Note] InnoDB: 128 rollback segments are active.
2025-04-03 10:47:45 0 [Note] InnoDB: Removed temporary tablespace data file: "./ibtmp1"
2025-04-03 10:47:45 0 [Note] InnoDB: Creating shared tablespace for temporary tables
2025-04-03 10:47:45 0 [Note] InnoDB: Setting file './ibtmp1' size to 12 MB. Physically writing the file full; Please wait ...
2025-04-03 10:47:45 0 [Note] InnoDB: File './ibtmp1' size is now 12 MB.
2025-04-03 10:47:47 0 [Note] InnoDB: 10.6.16 started; log sequence number 1645694; transaction id 1618
2025-04-03 10:47:47 0 [Note] InnoDB: Loading buffer pool(s) from E:\Jesus\YURI\LARAVELL PORTATIL\LARAVELL PORTATIL\mariadb\data\ib_buffer_pool
2025-04-03 10:47:47 0 [Note] Plugin 'FEEDBACK' is disabled.
2025-04-03 10:47:47 0 [Note] InnoDB: Buffer pool(s) load completed at 250403 10:47:47
2025-04-03 10:47:47 0 [Note] Server socket created on IP: '127.0.0.1'.
2025-04-03 10:47:47 0 [Warning] 'user' entry 'root@desktop-3n5mb5c' ignored in --skip-name-resolve mode.
2025-04-03 10:47:47 0 [Warning] 'proxies_priv' entry '@% root@desktop-3n5mb5c' ignored in --skip-name-resolve mode.
2025-04-03 10:47:47 0 [Note] E:\Jesus\YURI\LARAVELL PORTATIL\LARAVELL PORTATIL\mariadb\bin\mysqld.exe: ready for connections.
Version: '10.6.16-MariaDB'  socket: ''  port: 3307  mariadb.org binary distribution
2025-04-03 10:48:45 0 [Note] console_event_handler: received CTRL_CLOSE_EVENT event, terminating
2025-04-04  0:54:59 0 [Note] Starting MariaDB 10.6.16-MariaDB source revision b83c379420a8846ae4b28768d3c81fa354cca056 as process 9292
2025-04-04  0:54:59 0 [Note] InnoDB: Compressed tables use zlib 1.3
2025-04-04  0:54:59 0 [Note] InnoDB: Number of pools: 1
2025-04-04  0:54:59 0 [Note] InnoDB: Using crc32 + pclmulqdq instructions
2025-04-04  0:54:59 0 [Note] InnoDB: Initializing buffer pool, total size = 134217728, chunk size = 134217728
2025-04-04  0:54:59 0 [Note] InnoDB: Completed initialization of buffer pool
2025-04-04  0:54:59 0 [Note] InnoDB: Starting crash recovery from checkpoint LSN=42526,42526
2025-04-04  0:55:00 0 [ERROR] InnoDB: Inconsistent tablespace ID in ./loja@002dpw/failed_jobs.ibd
2025-04-04  0:55:00 0 [ERROR] InnoDB: Inconsistent tablespace ID in ./loja@002dpw/failed_jobs.ibd
2025-04-04  0:55:00 0 [ERROR] InnoDB: Inconsistent tablespace ID in ./bluefish/password_reset_tokens.ibd
2025-04-04  0:55:00 0 [ERROR] InnoDB: Inconsistent tablespace ID in ./bluefish/password_reset_tokens.ibd
2025-04-04  0:55:00 0 [ERROR] InnoDB: Inconsistent tablespace ID in ./bluefish/sessions.ibd
2025-04-04  0:55:00 0 [ERROR] InnoDB: Inconsistent tablespace ID in ./bluefish/sessions.ibd
2025-04-04  0:55:01 0 [Note] InnoDB: To recover: 123 pages
2025-04-04  0:55:01 0 [Note] InnoDB: 128 rollback segments are active.
2025-04-04  0:55:01 0 [Note] InnoDB: Removed temporary tablespace data file: "./ibtmp1"
2025-04-04  0:55:01 0 [Note] InnoDB: Creating shared tablespace for temporary tables
2025-04-04  0:55:01 0 [Note] InnoDB: Setting file './ibtmp1' size to 12 MB. Physically writing the file full; Please wait ...
2025-04-04  0:55:01 0 [Note] InnoDB: File './ibtmp1' size is now 12 MB.
2025-04-04  0:55:03 0 [Note] InnoDB: 10.6.16 started; log sequence number 1646679; transaction id 1624
2025-04-04  0:55:03 0 [Note] Plugin 'FEEDBACK' is disabled.
2025-04-04  0:55:03 0 [Note] InnoDB: Loading buffer pool(s) from D:\Jesus\YURI\LARAVELL PORTATIL\LARAVELL PORTATIL\LARAVELL PORTATIL\mariadb\data\ib_buffer_pool
2025-04-04  0:55:03 0 [Note] InnoDB: Buffer pool(s) load completed at 250404  0:55:03
2025-04-04  0:55:03 0 [Note] Server socket created on IP: '127.0.0.1'.
2025-04-04  0:55:04 0 [Warning] 'user' entry 'root@desktop-3n5mb5c' ignored in --skip-name-resolve mode.
2025-04-04  0:55:04 0 [Warning] 'proxies_priv' entry '@% root@desktop-3n5mb5c' ignored in --skip-name-resolve mode.
2025-04-04  0:55:04 0 [Note] D:\Jesus\YURI\LARAVELL PORTATIL\LARAVELL PORTATIL\LARAVELL PORTATIL\mariadb\bin\mysqld.exe: ready for connections.
Version: '10.6.16-MariaDB'  socket: ''  port: 3307  mariadb.org binary distribution
2025-04-04  0:58:09 0 [Note] console_event_handler: received CTRL_CLOSE_EVENT event, terminating
2025-04-04  1:37:07 0 [Note] Starting MariaDB 10.6.16-MariaDB source revision b83c379420a8846ae4b28768d3c81fa354cca056 as process 6804
2025-04-04  1:37:07 0 [Note] InnoDB: Compressed tables use zlib 1.3
2025-04-04  1:37:07 0 [Note] InnoDB: Number of pools: 1
2025-04-04  1:37:07 0 [Note] InnoDB: Using crc32 + pclmulqdq instructions
2025-04-04  1:37:07 0 [Note] InnoDB: Initializing buffer pool, total size = 134217728, chunk size = 134217728
2025-04-04  1:37:07 0 [Note] InnoDB: Completed initialization of buffer pool
2025-04-04  1:37:08 0 [Note] InnoDB: Starting crash recovery from checkpoint LSN=42526,42526
2025-04-04  1:37:08 0 [ERROR] InnoDB: Inconsistent tablespace ID in ./loja@002dpw/failed_jobs.ibd
2025-04-04  1:37:08 0 [ERROR] InnoDB: Inconsistent tablespace ID in ./loja@002dpw/failed_jobs.ibd
2025-04-04  1:37:08 0 [ERROR] InnoDB: Inconsistent tablespace ID in ./bluefish/password_reset_tokens.ibd
2025-04-04  1:37:08 0 [ERROR] InnoDB: Inconsistent tablespace ID in ./bluefish/password_reset_tokens.ibd
2025-04-04  1:37:08 0 [ERROR] InnoDB: Inconsistent tablespace ID in ./bluefish/sessions.ibd
2025-04-04  1:37:08 0 [ERROR] InnoDB: Inconsistent tablespace ID in ./bluefish/sessions.ibd
2025-04-04  1:37:10 0 [Note] InnoDB: To recover: 123 pages
2025-04-04  1:37:10 0 [Note] InnoDB: 128 rollback segments are active.
2025-04-04  1:37:10 0 [Note] InnoDB: Removed temporary tablespace data file: "./ibtmp1"
2025-04-04  1:37:10 0 [Note] InnoDB: Creating shared tablespace for temporary tables
2025-04-04  1:37:10 0 [Note] InnoDB: Setting file './ibtmp1' size to 12 MB. Physically writing the file full; Please wait ...
2025-04-04  1:37:10 0 [Note] InnoDB: File './ibtmp1' size is now 12 MB.
2025-04-04  1:37:12 0 [Note] InnoDB: 10.6.16 started; log sequence number 1660508; transaction id 1645
2025-04-04  1:37:12 0 [Note] Plugin 'FEEDBACK' is disabled.
2025-04-04  1:37:12 0 [Note] Server socket created on IP: '127.0.0.1'.
2025-04-04  1:37:12 0 [Note] InnoDB: Loading buffer pool(s) from D:\Jesus\YURI\LARAVELL PORTATIL\LARAVELL PORTATIL\LARAVELL PORTATIL\mariadb\data\ib_buffer_pool
2025-04-04  1:37:12 0 [Note] InnoDB: Buffer pool(s) load completed at 250404  1:37:12
2025-04-04  1:37:12 0 [Warning] 'user' entry 'root@desktop-3n5mb5c' ignored in --skip-name-resolve mode.
2025-04-04  1:37:12 0 [Warning] 'proxies_priv' entry '@% root@desktop-3n5mb5c' ignored in --skip-name-resolve mode.
2025-04-04  1:37:12 0 [Note] D:\Jesus\YURI\LARAVELL PORTATIL\LARAVELL PORTATIL\LARAVELL PORTATIL\mariadb\bin\mysqld.exe: ready for connections.
Version: '10.6.16-MariaDB'  socket: ''  port: 3307  mariadb.org binary distribution
2025-04-04  1:38:13 0 [Note] console_event_handler: received CTRL_CLOSE_EVENT event, terminating
