2025-03-27  7:33:33 0 [Note] Starting MariaDB 10.6.16-MariaDB source revision b83c379420a8846ae4b28768d3c81fa354cca056 as process 12980
2025-03-27  7:33:34 0 [Note] InnoDB: Compressed tables use zlib 1.3
2025-03-27  7:33:34 0 [Note] InnoDB: Number of pools: 1
2025-03-27  7:33:34 0 [Note] InnoDB: Using crc32 + pclmulqdq instructions
2025-03-27  7:33:34 0 [Note] InnoDB: Initializing buffer pool, total size = 134217728, chunk size = 134217728
2025-03-27  7:33:34 0 [Note] InnoDB: Completed initialization of buffer pool
2025-03-27  7:33:34 0 [Note] InnoDB: Starting crash recovery from checkpoint LSN=42526,42526
2025-03-27  7:33:34 0 [Note] InnoDB: To recover: 101 pages
2025-03-27  7:33:34 0 [Note] InnoDB: 128 rollback segments are active.
2025-03-27  7:33:34 0 [Note] InnoDB: Removed temporary tablespace data file: "./ibtmp1"
2025-03-27  7:33:34 0 [Note] InnoDB: Creating shared tablespace for temporary tables
2025-03-27  7:33:34 0 [Note] InnoDB: Setting file './ibtmp1' size to 12 MB. Physically writing the file full; Please wait ...
2025-03-27  7:33:34 0 [Note] InnoDB: File './ibtmp1' size is now 12 MB.
2025-03-27  7:33:36 0 [Note] InnoDB: 10.6.16 started; log sequence number 151511; transaction id 250
2025-03-27  7:33:36 0 [Note] InnoDB: Loading buffer pool(s) from E:\LARAVELL\mariadb\data\ib_buffer_pool
2025-03-27  7:33:36 0 [Note] Plugin 'FEEDBACK' is disabled.
2025-03-27  7:33:36 0 [Note] InnoDB: Buffer pool(s) load completed at 250327  7:33:36
2025-03-27  7:33:37 0 [Note] Server socket created on IP: '127.0.0.1'.
2025-03-27  7:33:37 0 [Warning] 'user' entry 'root@desktop-3n5mb5c' ignored in --skip-name-resolve mode.
2025-03-27  7:33:37 0 [Warning] 'proxies_priv' entry '@% root@desktop-3n5mb5c' ignored in --skip-name-resolve mode.
2025-03-27  7:33:37 0 [Note] E:\LARAVELL\mariadb\bin\mysqld.exe: ready for connections.
Version: '10.6.16-MariaDB'  socket: ''  port: 3307  mariadb.org binary distribution
2025-03-27  7:33:38 0 [Note] console_event_handler: received CTRL_CLOSE_EVENT event, terminating
2025-03-27  7:53:40 0 [Note] Starting MariaDB 10.6.16-MariaDB source revision b83c379420a8846ae4b28768d3c81fa354cca056 as process 9176
2025-03-27  7:53:40 0 [Note] InnoDB: Compressed tables use zlib 1.3
2025-03-27  7:53:40 0 [Note] InnoDB: Number of pools: 1
2025-03-27  7:53:40 0 [Note] InnoDB: Using crc32 + pclmulqdq instructions
2025-03-27  7:53:40 0 [Note] InnoDB: Initializing buffer pool, total size = 134217728, chunk size = 134217728
2025-03-27  7:53:40 0 [Note] InnoDB: Completed initialization of buffer pool
2025-03-27  7:53:40 0 [Note] InnoDB: Starting crash recovery from checkpoint LSN=42526,42526
2025-03-27  7:53:40 0 [Note] InnoDB: To recover: 101 pages
2025-03-27  7:53:40 0 [Note] InnoDB: 128 rollback segments are active.
2025-03-27  7:53:41 0 [Note] InnoDB: Removed temporary tablespace data file: "./ibtmp1"
2025-03-27  7:53:41 0 [Note] InnoDB: Creating shared tablespace for temporary tables
2025-03-27  7:53:41 0 [Note] InnoDB: Setting file './ibtmp1' size to 12 MB. Physically writing the file full; Please wait ...
2025-03-27  7:53:41 0 [Note] InnoDB: File './ibtmp1' size is now 12 MB.
2025-03-27  7:53:43 0 [Note] InnoDB: 10.6.16 started; log sequence number 151607; transaction id 250
2025-03-27  7:53:43 0 [Note] InnoDB: Loading buffer pool(s) from E:\LARAVELL\mariadb\data\ib_buffer_pool
2025-03-27  7:53:43 0 [Note] Plugin 'FEEDBACK' is disabled.
2025-03-27  7:53:43 0 [Note] InnoDB: Buffer pool(s) load completed at 250327  7:53:43
2025-03-27  7:53:43 0 [Note] Server socket created on IP: '127.0.0.1'.
2025-03-27  7:53:43 0 [Warning] 'user' entry 'root@desktop-3n5mb5c' ignored in --skip-name-resolve mode.
2025-03-27  7:53:43 0 [Warning] 'proxies_priv' entry '@% root@desktop-3n5mb5c' ignored in --skip-name-resolve mode.
2025-03-27  7:53:43 0 [Note] E:\LARAVELL\mariadb\bin\mysqld.exe: ready for connections.
Version: '10.6.16-MariaDB'  socket: ''  port: 3307  mariadb.org binary distribution
2025-03-27  7:57:14 0 [Note] console_event_handler: received CTRL_CLOSE_EVENT event, terminating
2025-03-27  7:57:20 0 [Note] Starting MariaDB 10.6.16-MariaDB source revision b83c379420a8846ae4b28768d3c81fa354cca056 as process 14328
2025-03-27  7:57:20 0 [Note] InnoDB: Compressed tables use zlib 1.3
2025-03-27  7:57:20 0 [Note] InnoDB: Number of pools: 1
2025-03-27  7:57:20 0 [Note] InnoDB: Using crc32 + pclmulqdq instructions
2025-03-27  7:57:20 0 [Note] InnoDB: Initializing buffer pool, total size = 134217728, chunk size = 134217728
2025-03-27  7:57:20 0 [Note] InnoDB: Completed initialization of buffer pool
2025-03-27  7:57:20 0 [Note] InnoDB: Starting crash recovery from checkpoint LSN=42526,42526
2025-03-27  7:57:20 0 [Note] InnoDB: To recover: 101 pages
2025-03-27  7:57:20 0 [Note] InnoDB: 128 rollback segments are active.
2025-03-27  7:57:21 0 [Note] InnoDB: Removed temporary tablespace data file: "./ibtmp1"
2025-03-27  7:57:21 0 [Note] InnoDB: Creating shared tablespace for temporary tables
2025-03-27  7:57:21 0 [Note] InnoDB: Setting file './ibtmp1' size to 12 MB. Physically writing the file full; Please wait ...
2025-03-27  7:57:21 0 [Note] InnoDB: File './ibtmp1' size is now 12 MB.
2025-03-27  7:57:24 0 [Note] InnoDB: 10.6.16 started; log sequence number 194536; transaction id 304
2025-03-27  7:57:24 0 [Note] Plugin 'FEEDBACK' is disabled.
2025-03-27  7:57:24 0 [Note] InnoDB: Loading buffer pool(s) from E:\LARAVELL\mariadb\data\ib_buffer_pool
2025-03-27  7:57:24 0 [Note] Server socket created on IP: '127.0.0.1'.
2025-03-27  7:57:24 0 [Note] InnoDB: Buffer pool(s) load completed at 250327  7:57:24
2025-03-27  7:57:24 0 [Warning] 'user' entry 'root@desktop-3n5mb5c' ignored in --skip-name-resolve mode.
2025-03-27  7:57:24 0 [Warning] 'proxies_priv' entry '@% root@desktop-3n5mb5c' ignored in --skip-name-resolve mode.
2025-03-27  7:57:24 0 [Note] E:\LARAVELL\mariadb\bin\mysqld.exe: ready for connections.
Version: '10.6.16-MariaDB'  socket: ''  port: 3307  mariadb.org binary distribution
2025-03-27  8:38:34 5 [Warning] Aborted connection 5 to db: 'bluefish' user: 'root' host: '127.0.0.1' (Got an error reading communication packets)
2025-03-27  8:38:35 0 [Note] console_event_handler: received CTRL_CLOSE_EVENT event, terminating
2025-03-27  8:38:52 0 [Note] Starting MariaDB 10.6.16-MariaDB source revision b83c379420a8846ae4b28768d3c81fa354cca056 as process 8384
2025-03-27  8:38:52 0 [Note] InnoDB: Compressed tables use zlib 1.3
2025-03-27  8:38:52 0 [Note] InnoDB: Number of pools: 1
2025-03-27  8:38:52 0 [Note] InnoDB: Using crc32 + pclmulqdq instructions
2025-03-27  8:38:52 0 [Note] InnoDB: Initializing buffer pool, total size = 134217728, chunk size = 134217728
2025-03-27  8:38:52 0 [Note] InnoDB: Completed initialization of buffer pool
2025-03-27  8:38:53 0 [Note] InnoDB: Starting crash recovery from checkpoint LSN=42526,42526
2025-03-27  8:38:53 0 [Note] InnoDB: To recover: 101 pages
2025-03-27  8:38:53 0 [Note] InnoDB: 128 rollback segments are active.
2025-03-27  8:38:53 0 [Note] InnoDB: Removed temporary tablespace data file: "./ibtmp1"
2025-03-27  8:38:53 0 [Note] InnoDB: Creating shared tablespace for temporary tables
2025-03-27  8:38:53 0 [Note] InnoDB: Setting file './ibtmp1' size to 12 MB. Physically writing the file full; Please wait ...
2025-03-27  8:38:53 0 [Note] InnoDB: File './ibtmp1' size is now 12 MB.
2025-03-27  8:38:59 0 [Note] console_event_handler: received CTRL_CLOSE_EVENT event, terminating
2025-03-27  8:39:08 0 [Note] Starting MariaDB 10.6.16-MariaDB source revision b83c379420a8846ae4b28768d3c81fa354cca056 as process 2660
2025-03-27  8:39:08 0 [Note] InnoDB: Compressed tables use zlib 1.3
2025-03-27  8:39:08 0 [Note] InnoDB: Number of pools: 1
2025-03-27  8:39:08 0 [Note] InnoDB: Using crc32 + pclmulqdq instructions
2025-03-27  8:39:08 0 [Note] InnoDB: Initializing buffer pool, total size = 134217728, chunk size = 134217728
2025-03-27  8:39:08 0 [Note] InnoDB: Completed initialization of buffer pool
2025-03-27  8:39:08 0 [Note] InnoDB: Starting crash recovery from checkpoint LSN=42526,42526
2025-03-27  8:39:08 0 [Note] InnoDB: To recover: 101 pages
2025-03-27  8:39:08 0 [Note] InnoDB: 128 rollback segments are active.
2025-03-27  8:39:09 0 [Note] InnoDB: Removed temporary tablespace data file: "./ibtmp1"
2025-03-27  8:39:09 0 [Note] InnoDB: Creating shared tablespace for temporary tables
2025-03-27  8:39:09 0 [Note] InnoDB: Setting file './ibtmp1' size to 12 MB. Physically writing the file full; Please wait ...
2025-03-27  8:39:09 0 [Note] InnoDB: File './ibtmp1' size is now 12 MB.
2025-03-27  8:39:11 0 [Note] InnoDB: 10.6.16 started; log sequence number 195525; transaction id 310
2025-03-27  8:39:11 0 [Note] Plugin 'FEEDBACK' is disabled.
2025-03-27  8:39:11 0 [Note] InnoDB: Loading buffer pool(s) from E:\LARAVELL\mariadb\data\ib_buffer_pool
2025-03-27  8:39:11 0 [Note] InnoDB: Buffer pool(s) load completed at 250327  8:39:11
2025-03-27  8:39:11 0 [Note] Server socket created on IP: '127.0.0.1'.
2025-03-27  8:39:13 0 [Warning] 'user' entry 'root@desktop-3n5mb5c' ignored in --skip-name-resolve mode.
2025-03-27  8:39:13 0 [Warning] 'proxies_priv' entry '@% root@desktop-3n5mb5c' ignored in --skip-name-resolve mode.
2025-03-27  8:39:13 0 [Note] E:\LARAVELL\mariadb\bin\mysqld.exe: ready for connections.
Version: '10.6.16-MariaDB'  socket: ''  port: 3307  mariadb.org binary distribution
2025-03-27  8:41:35 0 [Note] console_event_handler: received CTRL_CLOSE_EVENT event, terminating
2025-03-27  8:45:12 0 [Note] Starting MariaDB 10.6.16-MariaDB source revision b83c379420a8846ae4b28768d3c81fa354cca056 as process 8024
2025-03-27  8:45:13 0 [Note] InnoDB: Compressed tables use zlib 1.3
2025-03-27  8:45:13 0 [Note] InnoDB: Number of pools: 1
2025-03-27  8:45:13 0 [Note] InnoDB: Using crc32 + pclmulqdq instructions
2025-03-27  8:45:13 0 [Note] InnoDB: Initializing buffer pool, total size = 134217728, chunk size = 134217728
2025-03-27  8:45:13 0 [Note] InnoDB: Completed initialization of buffer pool
2025-03-27  8:45:13 0 [Note] InnoDB: Starting crash recovery from checkpoint LSN=42526,42526
2025-03-27  8:45:13 0 [Note] InnoDB: To recover: 101 pages
2025-03-27  8:45:13 0 [Note] InnoDB: 128 rollback segments are active.
2025-03-27  8:45:13 0 [Note] InnoDB: Removed temporary tablespace data file: "./ibtmp1"
2025-03-27  8:45:13 0 [Note] InnoDB: Creating shared tablespace for temporary tables
2025-03-27  8:45:13 0 [Note] InnoDB: Setting file './ibtmp1' size to 12 MB. Physically writing the file full; Please wait ...
2025-03-27  8:45:13 0 [Note] InnoDB: File './ibtmp1' size is now 12 MB.
2025-03-27  8:45:16 0 [Note] InnoDB: 10.6.16 started; log sequence number 195621; transaction id 310
2025-03-27  8:45:16 0 [Note] InnoDB: Loading buffer pool(s) from E:\LARAVELL\mariadb\data\ib_buffer_pool
2025-03-27  8:45:16 0 [Note] Plugin 'FEEDBACK' is disabled.
2025-03-27  8:45:16 0 [Note] InnoDB: Buffer pool(s) load completed at 250327  8:45:16
2025-03-27  8:45:16 0 [Note] Server socket created on IP: '127.0.0.1'.
2025-03-27  8:45:16 0 [Warning] 'user' entry 'root@desktop-3n5mb5c' ignored in --skip-name-resolve mode.
2025-03-27  8:45:16 0 [Warning] 'proxies_priv' entry '@% root@desktop-3n5mb5c' ignored in --skip-name-resolve mode.
2025-03-27  8:45:16 0 [Note] E:\LARAVELL\mariadb\bin\mysqld.exe: ready for connections.
Version: '10.6.16-MariaDB'  socket: ''  port: 3307  mariadb.org binary distribution
2025-03-27  8:45:45 0 [Note] console_event_handler: received CTRL_CLOSE_EVENT event, terminating
2025-03-27  8:46:06 0 [Note] Starting MariaDB 10.6.16-MariaDB source revision b83c379420a8846ae4b28768d3c81fa354cca056 as process 11484
2025-03-27  8:46:06 0 [Note] InnoDB: Compressed tables use zlib 1.3
2025-03-27  8:46:06 0 [Note] InnoDB: Number of pools: 1
2025-03-27  8:46:06 0 [Note] InnoDB: Using crc32 + pclmulqdq instructions
2025-03-27  8:46:06 0 [Note] InnoDB: Initializing buffer pool, total size = 134217728, chunk size = 134217728
2025-03-27  8:46:06 0 [Note] InnoDB: Completed initialization of buffer pool
2025-03-27  8:46:06 0 [Note] InnoDB: Starting crash recovery from checkpoint LSN=42526,42526
2025-03-27  8:46:06 0 [Note] InnoDB: To recover: 101 pages
2025-03-27  8:46:06 0 [Note] InnoDB: 128 rollback segments are active.
2025-03-27  8:46:06 0 [Note] InnoDB: Removed temporary tablespace data file: "./ibtmp1"
2025-03-27  8:46:06 0 [Note] InnoDB: Creating shared tablespace for temporary tables
2025-03-27  8:46:06 0 [Note] InnoDB: Setting file './ibtmp1' size to 12 MB. Physically writing the file full; Please wait ...
2025-03-27  8:46:06 0 [Note] InnoDB: File './ibtmp1' size is now 12 MB.
2025-03-27  8:46:11 0 [Note] InnoDB: 10.6.16 started; log sequence number 195701; transaction id 310
2025-03-27  8:46:11 0 [Note] Plugin 'FEEDBACK' is disabled.
2025-03-27  8:46:11 0 [Note] InnoDB: Loading buffer pool(s) from E:\LARAVELL\mariadb\data\ib_buffer_pool
2025-03-27  8:46:11 0 [Note] Server socket created on IP: '127.0.0.1'.
2025-03-27  8:46:12 0 [Note] InnoDB: Buffer pool(s) load completed at 250327  8:46:12
2025-03-27  8:46:12 0 [Warning] 'user' entry 'root@desktop-3n5mb5c' ignored in --skip-name-resolve mode.
2025-03-27  8:46:12 0 [Warning] 'proxies_priv' entry '@% root@desktop-3n5mb5c' ignored in --skip-name-resolve mode.
2025-03-27  8:46:12 0 [Note] E:\LARAVELL\mariadb\bin\mysqld.exe: ready for connections.
Version: '10.6.16-MariaDB'  socket: ''  port: 3307  mariadb.org binary distribution
2025-03-27  8:46:32 0 [Note] console_event_handler: received CTRL_CLOSE_EVENT event, terminating
2025-03-27  8:46:55 0 [Note] Starting MariaDB 10.6.16-MariaDB source revision b83c379420a8846ae4b28768d3c81fa354cca056 as process 15480
2025-03-27  8:46:55 0 [Note] InnoDB: Compressed tables use zlib 1.3
2025-03-27  8:46:55 0 [Note] InnoDB: Number of pools: 1
2025-03-27  8:46:55 0 [Note] InnoDB: Using crc32 + pclmulqdq instructions
2025-03-27  8:46:55 0 [Note] InnoDB: Initializing buffer pool, total size = 134217728, chunk size = 134217728
2025-03-27  8:46:55 0 [Note] InnoDB: Completed initialization of buffer pool
2025-03-27  8:46:55 0 [Note] InnoDB: Starting crash recovery from checkpoint LSN=42526,42526
2025-03-27  8:46:56 0 [Note] InnoDB: To recover: 101 pages
2025-03-27  8:46:56 0 [Note] InnoDB: 128 rollback segments are active.
2025-03-27  8:46:56 0 [Note] InnoDB: Removed temporary tablespace data file: "./ibtmp1"
2025-03-27  8:46:56 0 [Note] InnoDB: Creating shared tablespace for temporary tables
2025-03-27  8:46:56 0 [Note] InnoDB: Setting file './ibtmp1' size to 12 MB. Physically writing the file full; Please wait ...
2025-03-27  8:46:56 0 [Note] InnoDB: File './ibtmp1' size is now 12 MB.
2025-03-27  8:46:59 0 [Note] InnoDB: 10.6.16 started; log sequence number 195781; transaction id 310
2025-03-27  8:46:59 0 [Note] InnoDB: Loading buffer pool(s) from E:\LARAVELL\mariadb\data\ib_buffer_pool
2025-03-27  8:46:59 0 [Note] Plugin 'FEEDBACK' is disabled.
2025-03-27  8:46:59 0 [Note] InnoDB: Buffer pool(s) load completed at 250327  8:46:59
2025-03-27  8:46:59 0 [Note] Server socket created on IP: '127.0.0.1'.
2025-03-27  8:46:59 0 [Warning] 'user' entry 'root@desktop-3n5mb5c' ignored in --skip-name-resolve mode.
2025-03-27  8:46:59 0 [Warning] 'proxies_priv' entry '@% root@desktop-3n5mb5c' ignored in --skip-name-resolve mode.
2025-03-27  8:46:59 0 [Note] E:\LARAVELL\mariadb\bin\mysqld.exe: ready for connections.
Version: '10.6.16-MariaDB'  socket: ''  port: 3307  mariadb.org binary distribution
2025-03-27  8:50:59 0 [Note] console_event_handler: received CTRL_CLOSE_EVENT event, terminating
2025-03-27  8:51:07 0 [Note] Starting MariaDB 10.6.16-MariaDB source revision b83c379420a8846ae4b28768d3c81fa354cca056 as process 13740
2025-03-27  8:51:07 0 [Note] InnoDB: Compressed tables use zlib 1.3
2025-03-27  8:51:07 0 [Note] InnoDB: Number of pools: 1
2025-03-27  8:51:07 0 [Note] InnoDB: Using crc32 + pclmulqdq instructions
2025-03-27  8:51:07 0 [Note] InnoDB: Initializing buffer pool, total size = 134217728, chunk size = 134217728
2025-03-27  8:51:07 0 [Note] InnoDB: Completed initialization of buffer pool
2025-03-27  8:51:07 0 [Note] InnoDB: Starting crash recovery from checkpoint LSN=42526,42526
2025-03-27  8:51:08 0 [Note] InnoDB: To recover: 101 pages
2025-03-27  8:51:08 0 [Note] InnoDB: 128 rollback segments are active.
2025-03-27  8:51:08 0 [Note] InnoDB: Removed temporary tablespace data file: "./ibtmp1"
2025-03-27  8:51:08 0 [Note] InnoDB: Creating shared tablespace for temporary tables
2025-03-27  8:51:08 0 [Note] InnoDB: Setting file './ibtmp1' size to 12 MB. Physically writing the file full; Please wait ...
2025-03-27  8:51:08 0 [Note] InnoDB: File './ibtmp1' size is now 12 MB.
2025-03-27  8:51:10 0 [Note] InnoDB: 10.6.16 started; log sequence number 195861; transaction id 310
2025-03-27  8:51:10 0 [Note] Plugin 'FEEDBACK' is disabled.
2025-03-27  8:51:10 0 [Note] InnoDB: Loading buffer pool(s) from E:\LARAVELL\mariadb\data\ib_buffer_pool
2025-03-27  8:51:10 0 [Note] Server socket created on IP: '127.0.0.1'.
2025-03-27  8:51:12 0 [Note] InnoDB: Buffer pool(s) load completed at 250327  8:51:12
2025-03-27  8:51:12 0 [Warning] 'user' entry 'root@desktop-3n5mb5c' ignored in --skip-name-resolve mode.
2025-03-27  8:51:12 0 [Warning] 'proxies_priv' entry '@% root@desktop-3n5mb5c' ignored in --skip-name-resolve mode.
2025-03-27  8:51:12 0 [Note] E:\LARAVELL\mariadb\bin\mysqld.exe: ready for connections.
Version: '10.6.16-MariaDB'  socket: ''  port: 3307  mariadb.org binary distribution
2025-03-27  8:52:37 0 [Note] console_event_handler: received CTRL_CLOSE_EVENT event, terminating
2025-03-27  8:52:44 0 [Note] Starting MariaDB 10.6.16-MariaDB source revision b83c379420a8846ae4b28768d3c81fa354cca056 as process 12056
2025-03-27  8:52:44 0 [Note] InnoDB: Compressed tables use zlib 1.3
2025-03-27  8:52:44 0 [Note] InnoDB: Number of pools: 1
2025-03-27  8:52:44 0 [Note] InnoDB: Using crc32 + pclmulqdq instructions
2025-03-27  8:52:44 0 [Note] InnoDB: Initializing buffer pool, total size = 134217728, chunk size = 134217728
2025-03-27  8:52:44 0 [Note] InnoDB: Completed initialization of buffer pool
2025-03-27  8:52:44 0 [Note] InnoDB: Starting crash recovery from checkpoint LSN=42526,42526
2025-03-27  8:52:44 0 [Note] InnoDB: To recover: 101 pages
2025-03-27  8:52:44 0 [Note] InnoDB: 128 rollback segments are active.
2025-03-27  8:52:44 0 [Note] InnoDB: Removed temporary tablespace data file: "./ibtmp1"
2025-03-27  8:52:44 0 [Note] InnoDB: Creating shared tablespace for temporary tables
2025-03-27  8:52:44 0 [Note] InnoDB: Setting file './ibtmp1' size to 12 MB. Physically writing the file full; Please wait ...
2025-03-27  8:52:44 0 [Note] InnoDB: File './ibtmp1' size is now 12 MB.
2025-03-27  8:52:47 0 [Note] InnoDB: 10.6.16 started; log sequence number 195941; transaction id 310
2025-03-27  8:52:47 0 [Note] Plugin 'FEEDBACK' is disabled.
2025-03-27  8:52:47 0 [Note] InnoDB: Loading buffer pool(s) from E:\LARAVELL\mariadb\data\ib_buffer_pool
2025-03-27  8:52:47 0 [Note] Server socket created on IP: '127.0.0.1'.
2025-03-27  8:52:49 0 [Note] InnoDB: Buffer pool(s) load completed at 250327  8:52:49
2025-03-27  8:52:49 0 [Warning] 'user' entry 'root@desktop-3n5mb5c' ignored in --skip-name-resolve mode.
2025-03-27  8:52:49 0 [Warning] 'proxies_priv' entry '@% root@desktop-3n5mb5c' ignored in --skip-name-resolve mode.
2025-03-27  8:52:49 0 [Note] E:\LARAVELL\mariadb\bin\mysqld.exe: ready for connections.
Version: '10.6.16-MariaDB'  socket: ''  port: 3307  mariadb.org binary distribution
2025-03-27  8:57:27 5 [Warning] Aborted connection 5 to db: 'bluefish' user: 'root' host: '127.0.0.1' (Got an error reading communication packets)
2025-03-27 12:04:32 0 [Note] console_event_handler: received CTRL_CLOSE_EVENT event, terminating
2025-03-27 12:05:32 0 [Note] Starting MariaDB 10.6.16-MariaDB source revision b83c379420a8846ae4b28768d3c81fa354cca056 as process 7692
2025-03-27 12:05:32 0 [Note] InnoDB: Compressed tables use zlib 1.3
2025-03-27 12:05:32 0 [Note] InnoDB: Number of pools: 1
2025-03-27 12:05:32 0 [Note] InnoDB: Using crc32 + pclmulqdq instructions
2025-03-27 12:05:32 0 [Note] InnoDB: Initializing buffer pool, total size = 134217728, chunk size = 134217728
2025-03-27 12:05:32 0 [Note] InnoDB: Completed initialization of buffer pool
2025-03-27 12:05:32 0 [Note] InnoDB: Starting crash recovery from checkpoint LSN=42526,42526
2025-03-27 12:05:33 0 [Note] InnoDB: To recover: 122 pages
2025-03-27 12:05:33 0 [Note] InnoDB: 128 rollback segments are active.
2025-03-27 12:05:33 0 [Note] InnoDB: Removed temporary tablespace data file: "./ibtmp1"
2025-03-27 12:05:33 0 [Note] InnoDB: Creating shared tablespace for temporary tables
2025-03-27 12:05:33 0 [Note] InnoDB: Setting file './ibtmp1' size to 12 MB. Physically writing the file full; Please wait ...
2025-03-27 12:05:33 0 [Note] InnoDB: File './ibtmp1' size is now 12 MB.
2025-03-27 12:05:38 0 [Note] InnoDB: 10.6.16 started; log sequence number 1106144; transaction id 1004
2025-03-27 12:05:38 0 [Note] InnoDB: Loading buffer pool(s) from E:\LARAVELL\mariadb\data\ib_buffer_pool
2025-03-27 12:05:39 0 [Note] Plugin 'FEEDBACK' is disabled.
2025-03-27 12:05:39 0 [Note] InnoDB: Buffer pool(s) load completed at 250327 12:05:39
2025-03-27 12:05:40 0 [Note] Server socket created on IP: '127.0.0.1'.
2025-03-27 12:05:42 0 [Warning] 'user' entry 'root@desktop-3n5mb5c' ignored in --skip-name-resolve mode.
2025-03-27 12:05:42 0 [Warning] 'proxies_priv' entry '@% root@desktop-3n5mb5c' ignored in --skip-name-resolve mode.
2025-03-27 12:05:42 0 [Note] E:\LARAVELL\mariadb\bin\mysqld.exe: ready for connections.
Version: '10.6.16-MariaDB'  socket: ''  port: 3307  mariadb.org binary distribution
2025-03-27 12:07:49 5 [Warning] Aborted connection 5 to db: 'loja-pw' user: 'root' host: '127.0.0.1' (Got an error reading communication packets)
2025-03-27 12:07:49 0 [Note] console_event_handler: received CTRL_CLOSE_EVENT event, terminating
2025-04-02 20:29:36 0 [Note] Starting MariaDB 10.6.16-MariaDB source revision b83c379420a8846ae4b28768d3c81fa354cca056 as process 7484
2025-04-02 20:29:36 0 [Note] InnoDB: Compressed tables use zlib 1.3
2025-04-02 20:29:36 0 [Note] InnoDB: Number of pools: 1
2025-04-02 20:29:36 0 [Note] InnoDB: Using crc32 + pclmulqdq instructions
2025-04-02 20:29:36 0 [Note] InnoDB: Initializing buffer pool, total size = 134217728, chunk size = 134217728
2025-04-02 20:29:36 0 [Note] InnoDB: Completed initialization of buffer pool
2025-04-02 20:29:37 0 [Note] InnoDB: Starting crash recovery from checkpoint LSN=42526,42526
2025-04-02 20:29:38 0 [Note] InnoDB: To recover: 123 pages
2025-04-02 20:29:38 0 [Note] InnoDB: 128 rollback segments are active.
2025-04-02 20:29:40 0 [Note] InnoDB: Removed temporary tablespace data file: "./ibtmp1"
2025-04-02 20:29:40 0 [Note] InnoDB: Creating shared tablespace for temporary tables
2025-04-02 20:29:40 0 [Note] InnoDB: Setting file './ibtmp1' size to 12 MB. Physically writing the file full; Please wait ...
2025-04-02 20:29:42 0 [Note] InnoDB: File './ibtmp1' size is now 12 MB.
2025-04-02 20:29:45 0 [Note] InnoDB: 10.6.16 started; log sequence number 1107221; transaction id 1010
2025-04-02 20:29:45 0 [Note] InnoDB: Loading buffer pool(s) from E:\LARAVELL\mariadb\data\ib_buffer_pool
2025-04-02 20:29:46 0 [Note] Plugin 'FEEDBACK' is disabled.
2025-04-02 20:29:46 0 [Note] InnoDB: Buffer pool(s) load completed at 250402 20:29:46
2025-04-02 20:29:49 0 [Note] Server socket created on IP: '127.0.0.1'.
2025-04-02 20:29:51 0 [Warning] 'user' entry 'root@desktop-3n5mb5c' ignored in --skip-name-resolve mode.
2025-04-02 20:29:51 0 [Warning] 'proxies_priv' entry '@% root@desktop-3n5mb5c' ignored in --skip-name-resolve mode.
2025-04-02 20:29:51 0 [Note] E:\LARAVELL\mariadb\bin\mysqld.exe: ready for connections.
Version: '10.6.16-MariaDB'  socket: ''  port: 3307  mariadb.org binary distribution
2025-04-02 20:30:15 0 [Note] console_event_handler: received CTRL_CLOSE_EVENT event, terminating
2025-04-02 20:30:31 0 [Note] Starting MariaDB 10.6.16-MariaDB source revision b83c379420a8846ae4b28768d3c81fa354cca056 as process 19936
2025-04-02 20:30:31 0 [Note] InnoDB: Compressed tables use zlib 1.3
2025-04-02 20:30:31 0 [Note] InnoDB: Number of pools: 1
2025-04-02 20:30:31 0 [Note] InnoDB: Using crc32 + pclmulqdq instructions
2025-04-02 20:30:31 0 [Note] InnoDB: Initializing buffer pool, total size = 134217728, chunk size = 134217728
2025-04-02 20:30:31 0 [Note] InnoDB: Completed initialization of buffer pool
2025-04-02 20:30:31 0 [Note] InnoDB: Starting crash recovery from checkpoint LSN=42526,42526
2025-04-02 20:30:32 0 [Note] InnoDB: To recover: 123 pages
2025-04-02 20:30:32 0 [Note] InnoDB: 128 rollback segments are active.
2025-04-02 20:30:32 0 [Note] InnoDB: Removed temporary tablespace data file: "./ibtmp1"
2025-04-02 20:30:32 0 [Note] InnoDB: Creating shared tablespace for temporary tables
2025-04-02 20:30:32 0 [Note] InnoDB: Setting file './ibtmp1' size to 12 MB. Physically writing the file full; Please wait ...
2025-04-02 20:30:32 0 [Note] InnoDB: File './ibtmp1' size is now 12 MB.
2025-04-02 20:30:35 0 [Note] InnoDB: 10.6.16 started; log sequence number 1107301; transaction id 1010
2025-04-02 20:30:35 0 [Note] Plugin 'FEEDBACK' is disabled.
2025-04-02 20:30:35 0 [Note] InnoDB: Loading buffer pool(s) from E:\LARAVELL\mariadb\data\ib_buffer_pool
2025-04-02 20:30:35 0 [Note] Server socket created on IP: '127.0.0.1'.
2025-04-02 20:30:38 0 [Note] InnoDB: Buffer pool(s) load completed at 250402 20:30:38
2025-04-02 20:30:39 0 [Warning] 'user' entry 'root@desktop-3n5mb5c' ignored in --skip-name-resolve mode.
2025-04-02 20:30:39 0 [Warning] 'proxies_priv' entry '@% root@desktop-3n5mb5c' ignored in --skip-name-resolve mode.
2025-04-02 20:30:39 0 [Note] E:\LARAVELL\mariadb\bin\mysqld.exe: ready for connections.
Version: '10.6.16-MariaDB'  socket: ''  port: 3307  mariadb.org binary distribution
2025-04-02 20:30:42 0 [Note] console_event_handler: received CTRL_CLOSE_EVENT event, terminating
2025-04-02 22:05:15 0 [Note] Starting MariaDB 10.6.16-MariaDB source revision b83c379420a8846ae4b28768d3c81fa354cca056 as process 10076
2025-04-02 22:05:15 0 [Note] InnoDB: Compressed tables use zlib 1.3
2025-04-02 22:05:15 0 [Note] InnoDB: Number of pools: 1
2025-04-02 22:05:15 0 [Note] InnoDB: Using crc32 + pclmulqdq instructions
2025-04-02 22:05:15 0 [Note] InnoDB: Initializing buffer pool, total size = 134217728, chunk size = 134217728
2025-04-02 22:05:15 0 [Note] InnoDB: Completed initialization of buffer pool
2025-04-02 22:05:16 0 [Note] InnoDB: Starting crash recovery from checkpoint LSN=42526,42526
2025-04-02 22:05:17 0 [Note] InnoDB: To recover: 123 pages
2025-04-02 22:05:17 0 [Note] InnoDB: 128 rollback segments are active.
2025-04-02 22:05:17 0 [Note] InnoDB: Removed temporary tablespace data file: "./ibtmp1"
2025-04-02 22:05:17 0 [Note] InnoDB: Creating shared tablespace for temporary tables
2025-04-02 22:05:17 0 [Note] InnoDB: Setting file './ibtmp1' size to 12 MB. Physically writing the file full; Please wait ...
2025-04-02 22:05:17 0 [Note] InnoDB: File './ibtmp1' size is now 12 MB.
2025-04-02 22:05:17 0 [Note] InnoDB: 10.6.16 started; log sequence number 1107381; transaction id 1010
2025-04-02 22:05:17 0 [Note] InnoDB: Loading buffer pool(s) from C:\LARAVELL PORTATIL\mariadb\data\ib_buffer_pool
2025-04-02 22:05:17 0 [Note] Plugin 'FEEDBACK' is disabled.
2025-04-02 22:05:18 0 [Note] InnoDB: Buffer pool(s) load completed at 250402 22:05:18
2025-04-02 22:05:18 0 [Note] Server socket created on IP: '127.0.0.1'.
2025-04-02 22:05:19 0 [Warning] 'user' entry 'root@desktop-3n5mb5c' ignored in --skip-name-resolve mode.
2025-04-02 22:05:19 0 [Warning] 'proxies_priv' entry '@% root@desktop-3n5mb5c' ignored in --skip-name-resolve mode.
2025-04-02 22:05:19 0 [Note] C:\LARAVELL PORTATIL\mariadb\bin\mysqld.exe: ready for connections.
Version: '10.6.16-MariaDB'  socket: ''  port: 3307  mariadb.org binary distribution
2025-04-02 22:05:25 0 [Note] console_event_handler: received CTRL_CLOSE_EVENT event, terminating
2025-04-02 22:28:21 0 [Note] Starting MariaDB 10.6.16-MariaDB source revision b83c379420a8846ae4b28768d3c81fa354cca056 as process 7144
2025-04-02 22:28:22 0 [Note] InnoDB: Compressed tables use zlib 1.3
2025-04-02 22:28:22 0 [Note] InnoDB: Number of pools: 1
2025-04-02 22:28:22 0 [Note] InnoDB: Using crc32 + pclmulqdq instructions
2025-04-02 22:28:22 0 [Note] InnoDB: Initializing buffer pool, total size = 134217728, chunk size = 134217728
2025-04-02 22:28:22 0 [Note] InnoDB: Completed initialization of buffer pool
2025-04-02 22:28:23 0 [Note] InnoDB: Starting crash recovery from checkpoint LSN=42526,42526
2025-04-02 22:28:26 0 [Note] InnoDB: To recover: 123 pages
2025-04-02 22:28:27 0 [Note] InnoDB: 128 rollback segments are active.
2025-04-02 22:28:27 0 [Note] InnoDB: Removed temporary tablespace data file: "./ibtmp1"
2025-04-02 22:28:27 0 [Note] InnoDB: Creating shared tablespace for temporary tables
2025-04-02 22:28:27 0 [Note] InnoDB: Setting file './ibtmp1' size to 12 MB. Physically writing the file full; Please wait ...
2025-04-02 22:28:27 0 [Note] InnoDB: File './ibtmp1' size is now 12 MB.
2025-04-02 22:28:27 0 [Note] InnoDB: 10.6.16 started; log sequence number 1107477; transaction id 1010
2025-04-02 22:28:27 0 [Note] InnoDB: Loading buffer pool(s) from C:\LARAVELL PORTATIL\mariadb\data\ib_buffer_pool
2025-04-02 22:28:27 0 [Note] Plugin 'FEEDBACK' is disabled.
2025-04-02 22:28:28 0 [Note] InnoDB: Buffer pool(s) load completed at 250402 22:28:28
2025-04-02 22:28:29 0 [Note] Server socket created on IP: '127.0.0.1'.
2025-04-02 22:28:30 0 [Warning] 'user' entry 'root@desktop-3n5mb5c' ignored in --skip-name-resolve mode.
2025-04-02 22:28:30 0 [Warning] 'proxies_priv' entry '@% root@desktop-3n5mb5c' ignored in --skip-name-resolve mode.
2025-04-02 22:28:32 0 [Note] C:\LARAVELL PORTATIL\mariadb\bin\mysqld.exe: ready for connections.
Version: '10.6.16-MariaDB'  socket: ''  port: 3307  mariadb.org binary distribution
2025-04-02 22:28:35 0 [Note] console_event_handler: received CTRL_CLOSE_EVENT event, terminating
2025-04-02 22:36:04 0 [Note] Starting MariaDB 10.6.16-MariaDB source revision b83c379420a8846ae4b28768d3c81fa354cca056 as process 472
2025-04-02 22:36:04 0 [Note] InnoDB: Compressed tables use zlib 1.3
2025-04-02 22:36:04 0 [Note] InnoDB: Number of pools: 1
2025-04-02 22:36:04 0 [Note] InnoDB: Using crc32 + pclmulqdq instructions
2025-04-02 22:36:04 0 [Note] InnoDB: Initializing buffer pool, total size = 134217728, chunk size = 134217728
2025-04-02 22:36:04 0 [Note] InnoDB: Completed initialization of buffer pool
2025-04-02 22:36:04 0 [Note] InnoDB: Starting crash recovery from checkpoint LSN=42526,42526
2025-04-02 22:36:08 0 [Note] InnoDB: To recover: 123 pages
2025-04-02 22:36:08 0 [Note] InnoDB: 128 rollback segments are active.
2025-04-02 22:36:08 0 [Note] InnoDB: Removed temporary tablespace data file: "./ibtmp1"
2025-04-02 22:36:08 0 [Note] InnoDB: Creating shared tablespace for temporary tables
2025-04-02 22:36:08 0 [Note] InnoDB: Setting file './ibtmp1' size to 12 MB. Physically writing the file full; Please wait ...
2025-04-02 22:36:08 0 [Note] InnoDB: File './ibtmp1' size is now 12 MB.
2025-04-02 22:36:08 0 [Note] InnoDB: 10.6.16 started; log sequence number 1107557; transaction id 1010
2025-04-02 22:36:08 0 [Note] InnoDB: Loading buffer pool(s) from C:\LARAVELL PORTATIL\mariadb\data\ib_buffer_pool
2025-04-02 22:36:08 0 [Note] Plugin 'FEEDBACK' is disabled.
2025-04-02 22:36:08 0 [Note] Server socket created on IP: '127.0.0.1'.
2025-04-02 22:36:08 0 [Warning] 'user' entry 'root@desktop-3n5mb5c' ignored in --skip-name-resolve mode.
2025-04-02 22:36:08 0 [Warning] 'proxies_priv' entry '@% root@desktop-3n5mb5c' ignored in --skip-name-resolve mode.
2025-04-02 22:36:08 0 [Note] InnoDB: Buffer pool(s) load completed at 250402 22:36:08
2025-04-02 22:36:09 0 [Note] C:\LARAVELL PORTATIL\mariadb\bin\mysqld.exe: ready for connections.
Version: '10.6.16-MariaDB'  socket: ''  port: 3307  mariadb.org binary distribution
2025-04-02 23:54:43 0 [Note] console_event_handler: received CTRL_CLOSE_EVENT event, terminating
2025-04-02 23:56:12 0 [Note] Starting MariaDB 10.6.16-MariaDB source revision b83c379420a8846ae4b28768d3c81fa354cca056 as process 17108
2025-04-02 23:56:12 0 [Note] InnoDB: Compressed tables use zlib 1.3
2025-04-02 23:56:12 0 [Note] InnoDB: Number of pools: 1
2025-04-02 23:56:12 0 [Note] InnoDB: Using crc32 + pclmulqdq instructions
2025-04-02 23:56:12 0 [Note] InnoDB: Initializing buffer pool, total size = 134217728, chunk size = 134217728
2025-04-02 23:56:12 0 [Note] InnoDB: Completed initialization of buffer pool
2025-04-02 23:56:12 0 [Note] InnoDB: Starting crash recovery from checkpoint LSN=42526,42526
2025-04-02 23:56:12 0 [Note] InnoDB: To recover: 123 pages
2025-04-02 23:56:12 0 [Note] InnoDB: 128 rollback segments are active.
2025-04-02 23:56:12 0 [Note] InnoDB: Removed temporary tablespace data file: "./ibtmp1"
2025-04-02 23:56:12 0 [Note] InnoDB: Creating shared tablespace for temporary tables
2025-04-02 23:56:12 0 [Note] InnoDB: Setting file './ibtmp1' size to 12 MB. Physically writing the file full; Please wait ...
2025-04-02 23:56:12 0 [Note] InnoDB: File './ibtmp1' size is now 12 MB.
2025-04-02 23:56:12 0 [Note] InnoDB: 10.6.16 started; log sequence number 1108514; transaction id 1015
2025-04-02 23:56:12 0 [Note] Plugin 'FEEDBACK' is disabled.
2025-04-02 23:56:12 0 [Note] InnoDB: Loading buffer pool(s) from C:\LARAVELL PORTATIL\mariadb\data\ib_buffer_pool
2025-04-02 23:56:12 0 [Note] Server socket created on IP: '127.0.0.1'.
2025-04-02 23:56:12 0 [Warning] 'user' entry 'root@desktop-3n5mb5c' ignored in --skip-name-resolve mode.
2025-04-02 23:56:12 0 [Warning] 'proxies_priv' entry '@% root@desktop-3n5mb5c' ignored in --skip-name-resolve mode.
2025-04-02 23:56:12 0 [Note] InnoDB: Buffer pool(s) load completed at 250402 23:56:12
2025-04-02 23:56:12 0 [Note] C:\LARAVELL PORTATIL\mariadb\bin\mysqld.exe: ready for connections.
Version: '10.6.16-MariaDB'  socket: ''  port: 3307  mariadb.org binary distribution
2025-04-02 23:58:57 0 [Note] console_event_handler: received CTRL_CLOSE_EVENT event, terminating
2025-04-02 23:59:03 0 [Note] Starting MariaDB 10.6.16-MariaDB source revision b83c379420a8846ae4b28768d3c81fa354cca056 as process 4752
2025-04-02 23:59:03 0 [Note] InnoDB: Compressed tables use zlib 1.3
2025-04-02 23:59:03 0 [Note] InnoDB: Number of pools: 1
2025-04-02 23:59:03 0 [Note] InnoDB: Using crc32 + pclmulqdq instructions
2025-04-02 23:59:03 0 [Note] InnoDB: Initializing buffer pool, total size = 134217728, chunk size = 134217728
2025-04-02 23:59:03 0 [Note] InnoDB: Completed initialization of buffer pool
2025-04-02 23:59:03 0 [Note] InnoDB: Starting crash recovery from checkpoint LSN=42526,42526
2025-04-02 23:59:03 0 [Note] InnoDB: To recover: 123 pages
2025-04-02 23:59:03 0 [Note] InnoDB: 128 rollback segments are active.
2025-04-02 23:59:03 0 [Note] InnoDB: Removed temporary tablespace data file: "./ibtmp1"
2025-04-02 23:59:03 0 [Note] InnoDB: Creating shared tablespace for temporary tables
2025-04-02 23:59:03 0 [Note] InnoDB: Setting file './ibtmp1' size to 12 MB. Physically writing the file full; Please wait ...
2025-04-02 23:59:03 0 [Note] InnoDB: File './ibtmp1' size is now 12 MB.
2025-04-02 23:59:03 0 [Note] InnoDB: 10.6.16 started; log sequence number 1108594; transaction id 1015
2025-04-02 23:59:03 0 [Note] Plugin 'FEEDBACK' is disabled.
2025-04-02 23:59:03 0 [Note] InnoDB: Loading buffer pool(s) from C:\LARAVELL PORTATIL\mariadb\data\ib_buffer_pool
2025-04-02 23:59:03 0 [Note] Server socket created on IP: '127.0.0.1'.
2025-04-02 23:59:03 0 [Warning] 'user' entry 'root@desktop-3n5mb5c' ignored in --skip-name-resolve mode.
2025-04-02 23:59:03 0 [Warning] 'proxies_priv' entry '@% root@desktop-3n5mb5c' ignored in --skip-name-resolve mode.
2025-04-02 23:59:03 0 [Note] InnoDB: Buffer pool(s) load completed at 250402 23:59:03
2025-04-02 23:59:03 0 [Note] C:\LARAVELL PORTATIL\mariadb\bin\mysqld.exe: ready for connections.
Version: '10.6.16-MariaDB'  socket: ''  port: 3307  mariadb.org binary distribution
2025-04-03  0:06:55 0 [Note] console_event_handler: received CTRL_CLOSE_EVENT event, terminating
2025-04-03  0:07:05 0 [Note] Starting MariaDB 10.6.16-MariaDB source revision b83c379420a8846ae4b28768d3c81fa354cca056 as process 2736
2025-04-03  0:07:05 0 [Note] InnoDB: Compressed tables use zlib 1.3
2025-04-03  0:07:05 0 [Note] InnoDB: Number of pools: 1
2025-04-03  0:07:05 0 [Note] InnoDB: Using crc32 + pclmulqdq instructions
2025-04-03  0:07:05 0 [Note] InnoDB: Initializing buffer pool, total size = 134217728, chunk size = 134217728
2025-04-03  0:07:05 0 [Note] InnoDB: Completed initialization of buffer pool
2025-04-03  0:07:05 0 [Note] InnoDB: Starting crash recovery from checkpoint LSN=42526,42526
2025-04-03  0:07:05 0 [Note] InnoDB: To recover: 123 pages
2025-04-03  0:07:05 0 [Note] InnoDB: 128 rollback segments are active.
2025-04-03  0:07:05 0 [Note] InnoDB: Removed temporary tablespace data file: "./ibtmp1"
2025-04-03  0:07:05 0 [Note] InnoDB: Creating shared tablespace for temporary tables
2025-04-03  0:07:05 0 [Note] InnoDB: Setting file './ibtmp1' size to 12 MB. Physically writing the file full; Please wait ...
2025-04-03  0:07:05 0 [Note] InnoDB: File './ibtmp1' size is now 12 MB.
2025-04-03  0:07:05 0 [Note] InnoDB: 10.6.16 started; log sequence number 1108674; transaction id 1015
2025-04-03  0:07:05 0 [Note] Plugin 'FEEDBACK' is disabled.
2025-04-03  0:07:05 0 [Note] InnoDB: Loading buffer pool(s) from C:\LARAVELL PORTATIL\mariadb\data\ib_buffer_pool
2025-04-03  0:07:05 0 [Note] Server socket created on IP: '127.0.0.1'.
2025-04-03  0:07:05 0 [Warning] 'user' entry 'root@desktop-3n5mb5c' ignored in --skip-name-resolve mode.
2025-04-03  0:07:05 0 [Warning] 'proxies_priv' entry '@% root@desktop-3n5mb5c' ignored in --skip-name-resolve mode.
2025-04-03  0:07:05 0 [Note] InnoDB: Buffer pool(s) load completed at 250403  0:07:05
2025-04-03  0:07:05 0 [Note] C:\LARAVELL PORTATIL\mariadb\bin\mysqld.exe: ready for connections.
Version: '10.6.16-MariaDB'  socket: ''  port: 3307  mariadb.org binary distribution
2025-04-03  0:07:20 5 [Warning] Aborted connection 5 to db: 'bluefish' user: 'root' host: '127.0.0.1' (Got an error reading communication packets)
2025-04-03  0:07:27 0 [Note] console_event_handler: received CTRL_CLOSE_EVENT event, terminating
2025-04-03  0:07:29 0 [Note] Starting MariaDB 10.6.16-MariaDB source revision b83c379420a8846ae4b28768d3c81fa354cca056 as process 8448
2025-04-03  0:07:29 0 [Note] InnoDB: Compressed tables use zlib 1.3
2025-04-03  0:07:29 0 [Note] InnoDB: Number of pools: 1
2025-04-03  0:07:29 0 [Note] InnoDB: Using crc32 + pclmulqdq instructions
2025-04-03  0:07:29 0 [Note] InnoDB: Initializing buffer pool, total size = 134217728, chunk size = 134217728
2025-04-03  0:07:29 0 [Note] InnoDB: Completed initialization of buffer pool
2025-04-03  0:07:29 0 [Note] InnoDB: Starting crash recovery from checkpoint LSN=42526,42526
2025-04-03  0:07:29 0 [Note] InnoDB: To recover: 123 pages
2025-04-03  0:07:29 0 [Note] InnoDB: 128 rollback segments are active.
2025-04-03  0:07:29 0 [Note] InnoDB: Removed temporary tablespace data file: "./ibtmp1"
2025-04-03  0:07:29 0 [Note] InnoDB: Creating shared tablespace for temporary tables
2025-04-03  0:07:29 0 [Note] InnoDB: Setting file './ibtmp1' size to 12 MB. Physically writing the file full; Please wait ...
2025-04-03  0:07:29 0 [Note] InnoDB: File './ibtmp1' size is now 12 MB.
2025-04-03  0:07:29 0 [Note] InnoDB: 10.6.16 started; log sequence number 1108754; transaction id 1015
2025-04-03  0:07:29 0 [Note] Plugin 'FEEDBACK' is disabled.
2025-04-03  0:07:29 0 [Note] InnoDB: Loading buffer pool(s) from C:\LARAVELL PORTATIL\mariadb\data\ib_buffer_pool
2025-04-03  0:07:29 0 [Note] Server socket created on IP: '127.0.0.1'.
2025-04-03  0:07:29 0 [Warning] 'user' entry 'root@desktop-3n5mb5c' ignored in --skip-name-resolve mode.
2025-04-03  0:07:29 0 [Warning] 'proxies_priv' entry '@% root@desktop-3n5mb5c' ignored in --skip-name-resolve mode.
2025-04-03  0:07:29 0 [Note] InnoDB: Buffer pool(s) load completed at 250403  0:07:29
2025-04-03  0:07:29 0 [Note] C:\LARAVELL PORTATIL\mariadb\bin\mysqld.exe: ready for connections.
Version: '10.6.16-MariaDB'  socket: ''  port: 3307  mariadb.org binary distribution
2025-04-03  0:07:37 0 [Note] console_event_handler: received CTRL_CLOSE_EVENT event, terminating
2025-04-03  0:07:39 0 [Note] Starting MariaDB 10.6.16-MariaDB source revision b83c379420a8846ae4b28768d3c81fa354cca056 as process 13876
2025-04-03  0:07:39 0 [Note] InnoDB: Compressed tables use zlib 1.3
2025-04-03  0:07:39 0 [Note] InnoDB: Number of pools: 1
2025-04-03  0:07:39 0 [Note] InnoDB: Using crc32 + pclmulqdq instructions
2025-04-03  0:07:39 0 [Note] InnoDB: Initializing buffer pool, total size = 134217728, chunk size = 134217728
2025-04-03  0:07:39 0 [Note] InnoDB: Completed initialization of buffer pool
2025-04-03  0:07:39 0 [Note] InnoDB: Starting crash recovery from checkpoint LSN=42526,42526
2025-04-03  0:07:40 0 [Note] InnoDB: To recover: 123 pages
2025-04-03  0:07:40 0 [Note] InnoDB: 128 rollback segments are active.
2025-04-03  0:07:40 0 [Note] InnoDB: Removed temporary tablespace data file: "./ibtmp1"
2025-04-03  0:07:40 0 [Note] InnoDB: Creating shared tablespace for temporary tables
2025-04-03  0:07:40 0 [Note] InnoDB: Setting file './ibtmp1' size to 12 MB. Physically writing the file full; Please wait ...
2025-04-03  0:07:40 0 [Note] InnoDB: File './ibtmp1' size is now 12 MB.
2025-04-03  0:07:40 0 [Note] InnoDB: 10.6.16 started; log sequence number 1108834; transaction id 1015
2025-04-03  0:07:40 0 [Note] Plugin 'FEEDBACK' is disabled.
2025-04-03  0:07:40 0 [Note] InnoDB: Loading buffer pool(s) from C:\LARAVELL PORTATIL\mariadb\data\ib_buffer_pool
2025-04-03  0:07:40 0 [Note] Server socket created on IP: '127.0.0.1'.
2025-04-03  0:07:40 0 [Warning] 'user' entry 'root@desktop-3n5mb5c' ignored in --skip-name-resolve mode.
2025-04-03  0:07:40 0 [Warning] 'proxies_priv' entry '@% root@desktop-3n5mb5c' ignored in --skip-name-resolve mode.
2025-04-03  0:07:40 0 [Note] InnoDB: Buffer pool(s) load completed at 250403  0:07:40
2025-04-03  0:07:40 0 [Note] C:\LARAVELL PORTATIL\mariadb\bin\mysqld.exe: ready for connections.
Version: '10.6.16-MariaDB'  socket: ''  port: 3307  mariadb.org binary distribution
2025-04-03  0:07:42 0 [Note] console_event_handler: received CTRL_CLOSE_EVENT event, terminating
2025-04-03  0:07:44 0 [Note] Starting MariaDB 10.6.16-MariaDB source revision b83c379420a8846ae4b28768d3c81fa354cca056 as process 6508
2025-04-03  0:07:44 0 [Note] InnoDB: Compressed tables use zlib 1.3
2025-04-03  0:07:44 0 [Note] InnoDB: Number of pools: 1
2025-04-03  0:07:44 0 [Note] InnoDB: Using crc32 + pclmulqdq instructions
2025-04-03  0:07:44 0 [Note] InnoDB: Initializing buffer pool, total size = 134217728, chunk size = 134217728
2025-04-03  0:07:44 0 [Note] InnoDB: Completed initialization of buffer pool
2025-04-03  0:07:44 0 [Note] InnoDB: Starting crash recovery from checkpoint LSN=42526,42526
2025-04-03  0:07:44 0 [Note] InnoDB: To recover: 123 pages
2025-04-03  0:07:44 0 [Note] InnoDB: 128 rollback segments are active.
2025-04-03  0:07:44 0 [Note] InnoDB: Removed temporary tablespace data file: "./ibtmp1"
2025-04-03  0:07:44 0 [Note] InnoDB: Creating shared tablespace for temporary tables
2025-04-03  0:07:44 0 [Note] InnoDB: Setting file './ibtmp1' size to 12 MB. Physically writing the file full; Please wait ...
2025-04-03  0:07:44 0 [Note] InnoDB: File './ibtmp1' size is now 12 MB.
2025-04-03  0:07:44 0 [Note] InnoDB: 10.6.16 started; log sequence number 1108914; transaction id 1015
2025-04-03  0:07:44 0 [Note] Plugin 'FEEDBACK' is disabled.
2025-04-03  0:07:44 0 [Note] InnoDB: Loading buffer pool(s) from C:\LARAVELL PORTATIL\mariadb\data\ib_buffer_pool
2025-04-03  0:07:44 0 [Note] Server socket created on IP: '127.0.0.1'.
2025-04-03  0:07:44 0 [Warning] 'user' entry 'root@desktop-3n5mb5c' ignored in --skip-name-resolve mode.
2025-04-03  0:07:44 0 [Warning] 'proxies_priv' entry '@% root@desktop-3n5mb5c' ignored in --skip-name-resolve mode.
2025-04-03  0:07:44 0 [Note] InnoDB: Buffer pool(s) load completed at 250403  0:07:44
2025-04-03  0:07:44 0 [Note] C:\LARAVELL PORTATIL\mariadb\bin\mysqld.exe: ready for connections.
Version: '10.6.16-MariaDB'  socket: ''  port: 3307  mariadb.org binary distribution
2025-04-03  0:07:46 0 [Note] console_event_handler: received CTRL_CLOSE_EVENT event, terminating
2025-04-03  0:19:22 0 [Note] Starting MariaDB 10.6.16-MariaDB source revision b83c379420a8846ae4b28768d3c81fa354cca056 as process 12772
2025-04-03  0:19:22 0 [Note] InnoDB: Compressed tables use zlib 1.3
2025-04-03  0:19:22 0 [Note] InnoDB: Number of pools: 1
2025-04-03  0:19:22 0 [Note] InnoDB: Using crc32 + pclmulqdq instructions
2025-04-03  0:19:22 0 [Note] InnoDB: Initializing buffer pool, total size = 134217728, chunk size = 134217728
2025-04-03  0:19:22 0 [Note] InnoDB: Completed initialization of buffer pool
2025-04-03  0:19:22 0 [Note] InnoDB: Starting crash recovery from checkpoint LSN=42526,42526
2025-04-03  0:19:22 0 [Note] InnoDB: To recover: 123 pages
2025-04-03  0:19:22 0 [Note] InnoDB: 128 rollback segments are active.
2025-04-03  0:19:22 0 [Note] InnoDB: Removed temporary tablespace data file: "./ibtmp1"
2025-04-03  0:19:22 0 [Note] InnoDB: Creating shared tablespace for temporary tables
2025-04-03  0:19:22 0 [Note] InnoDB: Setting file './ibtmp1' size to 12 MB. Physically writing the file full; Please wait ...
2025-04-03  0:19:22 0 [Note] InnoDB: File './ibtmp1' size is now 12 MB.
2025-04-03  0:19:22 0 [Note] InnoDB: 10.6.16 started; log sequence number 1109010; transaction id 1015
2025-04-03  0:19:22 0 [Note] Plugin 'FEEDBACK' is disabled.
2025-04-03  0:19:22 0 [Note] InnoDB: Loading buffer pool(s) from C:\LARAVELL PORTATIL\mariadb\data\ib_buffer_pool
2025-04-03  0:19:22 0 [Note] Server socket created on IP: '127.0.0.1'.
2025-04-03  0:19:22 0 [Warning] 'user' entry 'root@desktop-3n5mb5c' ignored in --skip-name-resolve mode.
2025-04-03  0:19:22 0 [Warning] 'proxies_priv' entry '@% root@desktop-3n5mb5c' ignored in --skip-name-resolve mode.
2025-04-03  0:19:22 0 [Note] InnoDB: Buffer pool(s) load completed at 250403  0:19:22
2025-04-03  0:19:23 0 [Note] C:\LARAVELL PORTATIL\mariadb\bin\mysqld.exe: ready for connections.
Version: '10.6.16-MariaDB'  socket: ''  port: 3307  mariadb.org binary distribution
2025-04-03  0:19:27 0 [Note] console_event_handler: received CTRL_CLOSE_EVENT event, terminating
